This file contains any messages produced by compilers while
running configure, to aid debugging if configure makes a mistake.

It was created by libressl configure 2.9.0, which was
generated by GNU Autoconf 2.69.  Invocation command line was

  $ ./configure 

## --------- ##
## Platform. ##
## --------- ##

hostname = allardc-VirtualBox
uname -m = x86_64
uname -r = 4.18.0-20-generic
uname -s = Linux
uname -v = #21~18.04.1-Ubuntu SMP Wed May 8 08:43:37 UTC 2019

/usr/bin/uname -p = unknown
/bin/uname -X     = unknown

/bin/arch              = unknown
/usr/bin/arch -k       = unknown
/usr/convex/getsysinfo = unknown
/usr/bin/hostinfo      = unknown
/bin/machine           = unknown
/usr/bin/oslevel       = unknown
/bin/universe          = unknown

PATH: /home/allardc/.local/bin
PATH: /usr/local/sbin
PATH: /usr/local/bin
PATH: /usr/sbin
PATH: /usr/bin
PATH: /sbin
PATH: /bin
PATH: /usr/games
PATH: /usr/local/games


## ----------- ##
## Core tests. ##
## ----------- ##

configure:2560: checking build system type
configure:2574: result: x86_64-pc-linux-gnu
configure:2594: checking host system type
configure:2607: result: x86_64-pc-linux-gnu
configure:2643: checking for a BSD-compatible install
configure:2711: result: /usr/bin/install -c
configure:2722: checking whether build environment is sane
configure:2777: result: yes
configure:2928: checking for a thread-safe mkdir -p
configure:2967: result: /bin/mkdir -p
configure:2974: checking for gawk
configure:3004: result: no
configure:2974: checking for mawk
configure:2990: found /usr/bin/mawk
configure:3001: result: mawk
configure:3012: checking whether make sets $(MAKE)
configure:3034: result: yes
configure:3063: checking whether make supports nested variables
configure:3080: result: yes
configure:3219: checking whether make supports nested variables
configure:3236: result: yes
configure:3299: checking for gcc
configure:3315: found /usr/bin/gcc
configure:3326: result: gcc
configure:3555: checking for C compiler version
configure:3564: gcc --version >&5
gcc (Ubuntu 7.4.0-1ubuntu1~18.04) 7.4.0
Copyright (C) 2017 Free Software Foundation, Inc.
This is free software; see the source for copying conditions.  There is NO
warranty; not even for MERCHANTABILITY or FITNESS FOR A PARTICULAR PURPOSE.

configure:3575: $? = 0
configure:3564: gcc -v >&5
Using built-in specs.
COLLECT_GCC=gcc
COLLECT_LTO_WRAPPER=/usr/lib/gcc/x86_64-linux-gnu/7/lto-wrapper
OFFLOAD_TARGET_NAMES=nvptx-none
OFFLOAD_TARGET_DEFAULT=1
Target: x86_64-linux-gnu
Configured with: ../src/configure -v --with-pkgversion='Ubuntu 7.4.0-1ubuntu1~18.04' --with-bugurl=file:///usr/share/doc/gcc-7/README.Bugs --enable-languages=c,ada,c++,go,brig,d,fortran,objc,obj-c++ --prefix=/usr --with-gcc-major-version-only --program-suffix=-7 --program-prefix=x86_64-linux-gnu- --enable-shared --enable-linker-build-id --libexecdir=/usr/lib --without-included-gettext --enable-threads=posix --libdir=/usr/lib --enable-nls --with-sysroot=/ --enable-clocale=gnu --enable-libstdcxx-debug --enable-libstdcxx-time=yes --with-default-libstdcxx-abi=new --enable-gnu-unique-object --disable-vtable-verify --enable-libmpx --enable-plugin --enable-default-pie --with-system-zlib --with-target-system-zlib --enable-objc-gc=auto --enable-multiarch --disable-werror --with-arch-32=i686 --with-abi=m64 --with-multilib-list=m32,m64,mx32 --enable-multilib --with-tune=generic --enable-offload-targets=nvptx-none --without-cuda-driver --enable-checking=release --build=x86_64-linux-gnu --host=x86_64-linux-gnu --target=x86_64-linux-gnu
Thread model: posix
gcc version 7.4.0 (Ubuntu 7.4.0-1ubuntu1~18.04) 
configure:3575: $? = 0
configure:3564: gcc -V >&5
gcc: error: unrecognized command line option '-V'
gcc: fatal error: no input files
compilation terminated.
configure:3575: $? = 1
configure:3564: gcc -qversion >&5
gcc: error: unrecognized command line option '-qversion'; did you mean '--version'?
gcc: fatal error: no input files
compilation terminated.
configure:3575: $? = 1
configure:3595: checking whether the C compiler works
configure:3617: gcc    conftest.c  >&5
configure:3621: $? = 0
configure:3669: result: yes
configure:3672: checking for C compiler default output file name
configure:3674: result: a.out
configure:3680: checking for suffix of executables
configure:3687: gcc -o conftest    conftest.c  >&5
configure:3691: $? = 0
configure:3713: result: 
configure:3735: checking whether we are cross compiling
configure:3743: gcc -o conftest    conftest.c  >&5
configure:3747: $? = 0
configure:3754: ./conftest
configure:3758: $? = 0
configure:3773: result: no
configure:3778: checking for suffix of object files
configure:3800: gcc -c   conftest.c >&5
configure:3804: $? = 0
configure:3825: result: o
configure:3829: checking whether we are using the GNU C compiler
configure:3848: gcc -c   conftest.c >&5
configure:3848: $? = 0
configure:3857: result: yes
configure:3866: checking whether gcc accepts -g
configure:3886: gcc -c -g  conftest.c >&5
configure:3886: $? = 0
configure:3927: result: yes
configure:3944: checking for gcc option to accept ISO C89
configure:4007: gcc  -c -g -O2  conftest.c >&5
configure:4007: $? = 0
configure:4020: result: none needed
configure:4045: checking whether gcc understands -c and -o together
configure:4067: gcc -c conftest.c -o conftest2.o
configure:4070: $? = 0
configure:4067: gcc -c conftest.c -o conftest2.o
configure:4070: $? = 0
configure:4082: result: yes
configure:4110: checking for style of include used by make
configure:4138: result: GNU
configure:4164: checking dependency style of gcc
configure:4275: result: gcc3
configure:4294: checking for gcc option to accept ISO C99
configure:4443: gcc  -c -g -O2  conftest.c >&5
configure:4443: $? = 0
configure:4456: result: none needed
configure:4564: checking for gcc option to accept ISO Standard C
configure:4575: result: none needed
configure:4629: checking how to print strings
configure:4656: result: printf
configure:4677: checking for a sed that does not truncate output
configure:4741: result: /bin/sed
configure:4759: checking for grep that handles long lines and -e
configure:4817: result: /bin/grep
configure:4822: checking for egrep
configure:4884: result: /bin/grep -E
configure:4889: checking for fgrep
configure:4951: result: /bin/grep -F
configure:4986: checking for ld used by gcc
configure:5053: result: /usr/bin/ld
configure:5060: checking if the linker (/usr/bin/ld) is GNU ld
configure:5075: result: yes
configure:5087: checking for BSD- or MS-compatible name lister (nm)
configure:5136: result: /usr/bin/nm -B
configure:5266: checking the name lister (/usr/bin/nm -B) interface
configure:5273: gcc -c -g -O2  conftest.c >&5
configure:5276: /usr/bin/nm -B "conftest.o"
configure:5279: output
0000000000000000 B some_variable
configure:5286: result: BSD nm
configure:5289: checking whether ln -s works
configure:5293: result: yes
configure:5301: checking the maximum length of command line arguments
configure:5431: result: 1572864
configure:5448: checking whether the shell understands some XSI constructs
configure:5458: result: yes
configure:5462: checking whether the shell understands "+="
configure:5468: result: yes
configure:5503: checking how to convert x86_64-pc-linux-gnu file names to x86_64-pc-linux-gnu format
configure:5543: result: func_convert_file_noop
configure:5550: checking how to convert x86_64-pc-linux-gnu file names to toolchain format
configure:5570: result: func_convert_file_noop
configure:5577: checking for /usr/bin/ld option to reload object files
configure:5584: result: -r
configure:5658: checking for objdump
configure:5674: found /usr/bin/objdump
configure:5685: result: objdump
configure:5717: checking how to recognize dependent libraries
configure:5919: result: pass_all
configure:6004: checking for dlltool
configure:6034: result: no
configure:6064: checking how to associate runtime and link libraries
configure:6091: result: printf %s\n
configure:6152: checking for ar
configure:6168: found /usr/bin/ar
configure:6179: result: ar
configure:6216: checking for archiver @FILE support
configure:6233: gcc -c -g -O2  conftest.c >&5
configure:6233: $? = 0
configure:6236: ar cru libconftest.a @conftest.lst >&5
ar: `u' modifier ignored since `D' is the default (see `U')
configure:6239: $? = 0
configure:6244: ar cru libconftest.a @conftest.lst >&5
ar: `u' modifier ignored since `D' is the default (see `U')
ar: conftest.o: No such file or directory
configure:6247: $? = 1
configure:6259: result: @
configure:6317: checking for strip
configure:6333: found /usr/bin/strip
configure:6344: result: strip
configure:6416: checking for ranlib
configure:6432: found /usr/bin/ranlib
configure:6443: result: ranlib
configure:6545: checking command to parse /usr/bin/nm -B output from gcc object
configure:6665: gcc -c -g -O2  conftest.c >&5
configure:6668: $? = 0
configure:6672: /usr/bin/nm -B conftest.o \| sed -n -e 's/^.*[ ]\([ABCDGIRSTW][ABCDGIRSTW]*\)[ ][ ]*\([_A-Za-z][_A-Za-z0-9]*\)$/\1 \2 \2/p' | sed '/ __gnu_lto/d' \> conftest.nm
configure:6675: $? = 0
configure:6741: gcc -o conftest -g -O2   conftest.c conftstm.o >&5
configure:6744: $? = 0
configure:6782: result: ok
configure:6819: checking for sysroot
configure:6849: result: no
configure:6926: gcc -c -g -O2  conftest.c >&5
configure:6929: $? = 0
configure:7105: checking for mt
configure:7121: found /bin/mt
configure:7132: result: mt
configure:7155: checking if mt is a manifest tool
configure:7161: mt '-?'
configure:7169: result: no
configure:7811: checking how to run the C preprocessor
configure:7842: gcc -E  conftest.c
configure:7842: $? = 0
configure:7856: gcc -E  conftest.c
conftest.c:11:10: fatal error: ac_nonexistent.h: No such file or directory
 #include <ac_nonexistent.h>
          ^~~~~~~~~~~~~~~~~~
compilation terminated.
configure:7856: $? = 1
configure: failed program was:
| /* confdefs.h */
| #define PACKAGE_NAME "libressl"
| #define PACKAGE_TARNAME "libressl"
| #define PACKAGE_VERSION "2.9.0"
| #define PACKAGE_STRING "libressl 2.9.0"
| #define PACKAGE_BUGREPORT ""
| #define PACKAGE_URL ""
| #define PACKAGE "libressl"
| #define VERSION "2.9.0"
| /* end confdefs.h.  */
| #include <ac_nonexistent.h>
configure:7881: result: gcc -E
configure:7901: gcc -E  conftest.c
configure:7901: $? = 0
configure:7915: gcc -E  conftest.c
conftest.c:11:10: fatal error: ac_nonexistent.h: No such file or directory
 #include <ac_nonexistent.h>
          ^~~~~~~~~~~~~~~~~~
compilation terminated.
configure:7915: $? = 1
configure: failed program was:
| /* confdefs.h */
| #define PACKAGE_NAME "libressl"
| #define PACKAGE_TARNAME "libressl"
| #define PACKAGE_VERSION "2.9.0"
| #define PACKAGE_STRING "libressl 2.9.0"
| #define PACKAGE_BUGREPORT ""
| #define PACKAGE_URL ""
| #define PACKAGE "libressl"
| #define VERSION "2.9.0"
| /* end confdefs.h.  */
| #include <ac_nonexistent.h>
configure:7944: checking for ANSI C header files
configure:7964: gcc -c -g -O2  conftest.c >&5
configure:7964: $? = 0
configure:8037: gcc -o conftest -g -O2   conftest.c  >&5
configure:8037: $? = 0
configure:8037: ./conftest
configure:8037: $? = 0
configure:8048: result: yes
configure:8061: checking for sys/types.h
configure:8061: gcc -c -g -O2  conftest.c >&5
configure:8061: $? = 0
configure:8061: result: yes
configure:8061: checking for sys/stat.h
configure:8061: gcc -c -g -O2  conftest.c >&5
configure:8061: $? = 0
configure:8061: result: yes
configure:8061: checking for stdlib.h
configure:8061: gcc -c -g -O2  conftest.c >&5
configure:8061: $? = 0
configure:8061: result: yes
configure:8061: checking for string.h
configure:8061: gcc -c -g -O2  conftest.c >&5
configure:8061: $? = 0
configure:8061: result: yes
configure:8061: checking for memory.h
configure:8061: gcc -c -g -O2  conftest.c >&5
configure:8061: $? = 0
configure:8061: result: yes
configure:8061: checking for strings.h
configure:8061: gcc -c -g -O2  conftest.c >&5
configure:8061: $? = 0
configure:8061: result: yes
configure:8061: checking for inttypes.h
configure:8061: gcc -c -g -O2  conftest.c >&5
configure:8061: $? = 0
configure:8061: result: yes
configure:8061: checking for stdint.h
configure:8061: gcc -c -g -O2  conftest.c >&5
configure:8061: $? = 0
configure:8061: result: yes
configure:8061: checking for unistd.h
configure:8061: gcc -c -g -O2  conftest.c >&5
configure:8061: $? = 0
configure:8061: result: yes
configure:8075: checking for dlfcn.h
configure:8075: gcc -c -g -O2  conftest.c >&5
configure:8075: $? = 0
configure:8075: result: yes
configure:8281: checking for objdir
configure:8296: result: .libs
configure:8567: checking if gcc supports -fno-rtti -fno-exceptions
configure:8585: gcc -c -g -O2  -fno-rtti -fno-exceptions conftest.c >&5
cc1: warning: command line option '-fno-rtti' is valid for C++/ObjC++ but not for C
configure:8589: $? = 0
configure:8602: result: no
configure:8929: checking for gcc option to produce PIC
configure:8936: result: -fPIC -DPIC
configure:8944: checking if gcc PIC flag -fPIC -DPIC works
configure:8962: gcc -c -g -O2  -fPIC -DPIC -DPIC conftest.c >&5
configure:8966: $? = 0
configure:8979: result: yes
configure:9008: checking if gcc static flag -static works
configure:9036: result: yes
configure:9051: checking if gcc supports -c -o file.o
configure:9072: gcc -c -g -O2  -o out/conftest2.o conftest.c >&5
configure:9076: $? = 0
configure:9098: result: yes
configure:9106: checking if gcc supports -c -o file.o
configure:9153: result: yes
configure:9186: checking whether the gcc linker (/usr/bin/ld -m elf_x86_64) supports shared libraries
configure:10339: result: yes
configure:10376: checking whether -lc should be explicitly linked in
configure:10384: gcc -c -g -O2  conftest.c >&5
configure:10387: $? = 0
configure:10402: gcc -shared  -fPIC -DPIC conftest.o  -v -Wl,-soname -Wl,conftest -o conftest 2\>\&1 \| /bin/grep  -lc  \>/dev/null 2\>\&1
configure:10405: $? = 0
configure:10419: result: no
configure:10579: checking dynamic linker characteristics
configure:11090: gcc -o conftest -g -O2   -Wl,-rpath -Wl,/foo conftest.c  >&5
configure:11090: $? = 0
configure:11312: result: GNU/Linux ld.so
configure:11419: checking how to hardcode library paths into programs
configure:11444: result: immediate
configure:11984: checking whether stripping libraries is possible
configure:11989: result: yes
configure:12024: checking if libtool supports shared libraries
configure:12026: result: yes
configure:12029: checking whether to build shared libraries
configure:12050: result: yes
configure:12053: checking whether to build static libraries
configure:12057: result: yes
configure:12396: checking if gcc supports "-fno-strict-overflow"
configure:12413: ./scripts/wrap-compiler-for-flag-check gcc -o conftest -fno-strict-overflow -Wall -Werror  -D_DEFAULT_SOURCE -D_BSD_SOURCE -D_POSIX_SOURCE -D_GNU_SOURCE  conftest.c  >&5

configure:12413: $? = 0
configure:12414: result: yes
configure:12431: checking if gcc supports "-D_FORTIFY_SOURCE=2"
configure:12448: ./scripts/wrap-compiler-for-flag-check gcc -o conftest -D_FORTIFY_SOURCE=2 -Wall -Werror  -D_DEFAULT_SOURCE -D_BSD_SOURCE -D_POSIX_SOURCE -D_GNU_SOURCE  conftest.c  >&5

configure:12448: $? = 0
configure:12449: result: yes
configure:12466: checking if /usr/bin/ld -m elf_x86_64 supports "-Wl,-z,relro"
configure:12483: ./scripts/wrap-compiler-for-flag-check gcc -o conftest -g -O2 -Wall -std=gnu99 -fno-strict-aliasing  -D_DEFAULT_SOURCE -D_BSD_SOURCE -D_POSIX_SOURCE -D_GNU_SOURCE -Wl,-z,relro -Wall -Werror conftest.c  >&5

configure:12483: $? = 0
configure:12484: result: yes
configure:12499: checking if /usr/bin/ld -m elf_x86_64 supports "-Wl,-z,now"
configure:12516: ./scripts/wrap-compiler-for-flag-check gcc -o conftest -g -O2 -Wall -std=gnu99 -fno-strict-aliasing  -D_DEFAULT_SOURCE -D_BSD_SOURCE -D_POSIX_SOURCE -D_GNU_SOURCE -Wl,-z,now -Wall -Werror conftest.c  >&5

configure:12516: $? = 0
configure:12517: result: yes
configure:12642: checking if gcc supports "-fstack-protector-strong"
configure:12659: ./scripts/wrap-compiler-for-flag-check gcc -o conftest -fstack-protector-strong -Wall -Werror  -D_DEFAULT_SOURCE -D_BSD_SOURCE -D_POSIX_SOURCE -D_GNU_SOURCE  conftest.c  >&5

configure:12659: $? = 0
configure:12660: result: yes
configure:12784: checking whether AS supports .note.GNU-stack
configure:12798: gcc -c   -D_DEFAULT_SOURCE -D_BSD_SOURCE -D_POSIX_SOURCE -D_GNU_SOURCE conftest.c >&5
configure:12798: $? = 0
configure:12799: result: yes
configure:12819: checking dependency style of gcc
configure:12928: result: gcc3
configure:12947: checking if compiling with clang
configure:12964: gcc -c -g -O2 -Wall -std=gnu99 -fno-strict-aliasing  -fno-strict-overflow -D_FORTIFY_SOURCE=2 -fstack-protector-strong -DHAVE_GNU_STACK  -D_DEFAULT_SOURCE -D_BSD_SOURCE -D_POSIX_SOURCE -D_GNU_SOURCE conftest.c >&5
conftest.c: In function 'main':
conftest.c:29:2: error: unknown type name 'not'
  not clang
  ^~~
conftest.c:29:6: warning: unused variable 'clang' [-Wunused-variable]
  not clang
      ^~~~~
configure:12964: $? = 1
configure: failed program was:
| /* confdefs.h */
| #define PACKAGE_NAME "libressl"
| #define PACKAGE_TARNAME "libressl"
| #define PACKAGE_VERSION "2.9.0"
| #define PACKAGE_STRING "libressl 2.9.0"
| #define PACKAGE_BUGREPORT ""
| #define PACKAGE_URL ""
| #define PACKAGE "libressl"
| #define VERSION "2.9.0"
| #define STDC_HEADERS 1
| #define HAVE_SYS_TYPES_H 1
| #define HAVE_SYS_STAT_H 1
| #define HAVE_STDLIB_H 1
| #define HAVE_STRING_H 1
| #define HAVE_MEMORY_H 1
| #define HAVE_STRINGS_H 1
| #define HAVE_INTTYPES_H 1
| #define HAVE_STDINT_H 1
| #define HAVE_UNISTD_H 1
| #define HAVE_DLFCN_H 1
| #define LT_OBJDIR ".libs/"
| /* end confdefs.h.  */
| 
| int
| main ()
| {
| 
| #ifndef __clang__
| 	not clang
| #endif
| 
|   ;
|   return 0;
| }
configure:12971: result: no
configure:12983: checking whether CC supports -Wno-pointer-sign
configure:12996: gcc -c -Wno-pointer-sign  -D_DEFAULT_SOURCE -D_BSD_SOURCE -D_POSIX_SOURCE -D_GNU_SOURCE conftest.c >&5
configure:12996: $? = 0
configure:12997: result: yes
configure:13012: checking for symlink
configure:13012: gcc -o conftest -g -O2 -Wall -std=gnu99 -fno-strict-aliasing  -fno-strict-overflow -D_FORTIFY_SOURCE=2 -fstack-protector-strong -DHAVE_GNU_STACK  -Wno-pointer-sign  -D_DEFAULT_SOURCE -D_BSD_SOURCE -D_POSIX_SOURCE -D_GNU_SOURCE   -Wl,-z,relro -Wl,-z,now  conftest.c  >&5
configure:13012: $? = 0
configure:13012: result: yes
configure:13031: checking for funopen
configure:13031: gcc -o conftest -g -O2 -Wall -std=gnu99 -fno-strict-aliasing  -fno-strict-overflow -D_FORTIFY_SOURCE=2 -fstack-protector-strong -DHAVE_GNU_STACK  -Wno-pointer-sign  -D_DEFAULT_SOURCE -D_BSD_SOURCE -D_POSIX_SOURCE -D_GNU_SOURCE   -Wl,-z,relro -Wl,-z,now  conftest.c  >&5
/tmp/ccRVdkzu.o: In function `main':
/home/allardc/Documents/Aria/sources/libressl-2.9.0a/conftest.c:58: undefined reference to `funopen'
collect2: error: ld returned 1 exit status
configure:13031: $? = 1
configure: failed program was:
| /* confdefs.h */
| #define PACKAGE_NAME "libressl"
| #define PACKAGE_TARNAME "libressl"
| #define PACKAGE_VERSION "2.9.0"
| #define PACKAGE_STRING "libressl 2.9.0"
| #define PACKAGE_BUGREPORT ""
| #define PACKAGE_URL ""
| #define PACKAGE "libressl"
| #define VERSION "2.9.0"
| #define STDC_HEADERS 1
| #define HAVE_SYS_TYPES_H 1
| #define HAVE_SYS_STAT_H 1
| #define HAVE_STDLIB_H 1
| #define HAVE_STRING_H 1
| #define HAVE_MEMORY_H 1
| #define HAVE_STRINGS_H 1
| #define HAVE_INTTYPES_H 1
| #define HAVE_STDINT_H 1
| #define HAVE_UNISTD_H 1
| #define HAVE_DLFCN_H 1
| #define LT_OBJDIR ".libs/"
| #define HAVE_SYMLINK 1
| /* end confdefs.h.  */
| /* Define funopen to an innocuous variant, in case <limits.h> declares funopen.
|    For example, HP-UX 11i <limits.h> declares gettimeofday.  */
| #define funopen innocuous_funopen
| 
| /* System header to define __stub macros and hopefully few prototypes,
|     which can conflict with char funopen (); below.
|     Prefer <limits.h> to <assert.h> if __STDC__ is defined, since
|     <limits.h> exists even on freestanding compilers.  */
| 
| #ifdef __STDC__
| # include <limits.h>
| #else
| # include <assert.h>
| #endif
| 
| #undef funopen
| 
| /* Override any GCC internal prototype to avoid an error.
|    Use char because int might match the return type of a GCC
|    builtin and then its argument prototype would still apply.  */
| #ifdef __cplusplus
| extern "C"
| #endif
| char funopen ();
| /* The GNU C library defines this for functions which it implements
|     to always fail with ENOSYS.  Some functions are actually named
|     something starting with __ and the normal name is an alias.  */
| #if defined __stub_funopen || defined __stub___funopen
| choke me
| #endif
| 
| int
| main ()
| {
| return funopen ();
|   ;
|   return 0;
| }
configure:13031: result: no
configure:13042: checking err.h usability
configure:13042: gcc -c -g -O2 -Wall -std=gnu99 -fno-strict-aliasing  -fno-strict-overflow -D_FORTIFY_SOURCE=2 -fstack-protector-strong -DHAVE_GNU_STACK  -Wno-pointer-sign  -D_DEFAULT_SOURCE -D_BSD_SOURCE -D_POSIX_SOURCE -D_GNU_SOURCE conftest.c >&5
configure:13042: $? = 0
configure:13042: result: yes
configure:13042: checking err.h presence
configure:13042: gcc -E  -D_DEFAULT_SOURCE -D_BSD_SOURCE -D_POSIX_SOURCE -D_GNU_SOURCE conftest.c
configure:13042: $? = 0
configure:13042: result: yes
configure:13042: checking for err.h
configure:13042: result: yes
configure:13042: checking readpassphrase.h usability
configure:13042: gcc -c -g -O2 -Wall -std=gnu99 -fno-strict-aliasing  -fno-strict-overflow -D_FORTIFY_SOURCE=2 -fstack-protector-strong -DHAVE_GNU_STACK  -Wno-pointer-sign  -D_DEFAULT_SOURCE -D_BSD_SOURCE -D_POSIX_SOURCE -D_GNU_SOURCE conftest.c >&5
conftest.c:58:10: fatal error: readpassphrase.h: No such file or directory
 #include <readpassphrase.h>
          ^~~~~~~~~~~~~~~~~~
compilation terminated.
configure:13042: $? = 1
configure: failed program was:
| /* confdefs.h */
| #define PACKAGE_NAME "libressl"
| #define PACKAGE_TARNAME "libressl"
| #define PACKAGE_VERSION "2.9.0"
| #define PACKAGE_STRING "libressl 2.9.0"
| #define PACKAGE_BUGREPORT ""
| #define PACKAGE_URL ""
| #define PACKAGE "libressl"
| #define VERSION "2.9.0"
| #define STDC_HEADERS 1
| #define HAVE_SYS_TYPES_H 1
| #define HAVE_SYS_STAT_H 1
| #define HAVE_STDLIB_H 1
| #define HAVE_STRING_H 1
| #define HAVE_MEMORY_H 1
| #define HAVE_STRINGS_H 1
| #define HAVE_INTTYPES_H 1
| #define HAVE_STDINT_H 1
| #define HAVE_UNISTD_H 1
| #define HAVE_DLFCN_H 1
| #define LT_OBJDIR ".libs/"
| #define HAVE_SYMLINK 1
| #define HAVE_ERR_H 1
| /* end confdefs.h.  */
| #include <stdio.h>
| #ifdef HAVE_SYS_TYPES_H
| # include <sys/types.h>
| #endif
| #ifdef HAVE_SYS_STAT_H
| # include <sys/stat.h>
| #endif
| #ifdef STDC_HEADERS
| # include <stdlib.h>
| # include <stddef.h>
| #else
| # ifdef HAVE_STDLIB_H
| #  include <stdlib.h>
| # endif
| #endif
| #ifdef HAVE_STRING_H
| # if !defined STDC_HEADERS && defined HAVE_MEMORY_H
| #  include <memory.h>
| # endif
| # include <string.h>
| #endif
| #ifdef HAVE_STRINGS_H
| # include <strings.h>
| #endif
| #ifdef HAVE_INTTYPES_H
| # include <inttypes.h>
| #endif
| #ifdef HAVE_STDINT_H
| # include <stdint.h>
| #endif
| #ifdef HAVE_UNISTD_H
| # include <unistd.h>
| #endif
| #include <readpassphrase.h>
configure:13042: result: no
configure:13042: checking readpassphrase.h presence
configure:13042: gcc -E  -D_DEFAULT_SOURCE -D_BSD_SOURCE -D_POSIX_SOURCE -D_GNU_SOURCE conftest.c
conftest.c:25:10: fatal error: readpassphrase.h: No such file or directory
 #include <readpassphrase.h>
          ^~~~~~~~~~~~~~~~~~
compilation terminated.
configure:13042: $? = 1
configure: failed program was:
| /* confdefs.h */
| #define PACKAGE_NAME "libressl"
| #define PACKAGE_TARNAME "libressl"
| #define PACKAGE_VERSION "2.9.0"
| #define PACKAGE_STRING "libressl 2.9.0"
| #define PACKAGE_BUGREPORT ""
| #define PACKAGE_URL ""
| #define PACKAGE "libressl"
| #define VERSION "2.9.0"
| #define STDC_HEADERS 1
| #define HAVE_SYS_TYPES_H 1
| #define HAVE_SYS_STAT_H 1
| #define HAVE_STDLIB_H 1
| #define HAVE_STRING_H 1
| #define HAVE_MEMORY_H 1
| #define HAVE_STRINGS_H 1
| #define HAVE_INTTYPES_H 1
| #define HAVE_STDINT_H 1
| #define HAVE_UNISTD_H 1
| #define HAVE_DLFCN_H 1
| #define LT_OBJDIR ".libs/"
| #define HAVE_SYMLINK 1
| #define HAVE_ERR_H 1
| /* end confdefs.h.  */
| #include <readpassphrase.h>
configure:13042: result: no
configure:13042: checking for readpassphrase.h
configure:13042: result: no
configure:13056: checking for asprintf
configure:13056: gcc -o conftest -g -O2 -Wall -std=gnu99 -fno-strict-aliasing  -fno-strict-overflow -D_FORTIFY_SOURCE=2 -fstack-protector-strong -DHAVE_GNU_STACK  -Wno-pointer-sign  -D_DEFAULT_SOURCE -D_BSD_SOURCE -D_POSIX_SOURCE -D_GNU_SOURCE   -Wl,-z,relro -Wl,-z,now  conftest.c  >&5
configure:13056: $? = 0
configure:13056: result: yes
configure:13056: checking for freezero
configure:13056: gcc -o conftest -g -O2 -Wall -std=gnu99 -fno-strict-aliasing  -fno-strict-overflow -D_FORTIFY_SOURCE=2 -fstack-protector-strong -DHAVE_GNU_STACK  -Wno-pointer-sign  -D_DEFAULT_SOURCE -D_BSD_SOURCE -D_POSIX_SOURCE -D_GNU_SOURCE   -Wl,-z,relro -Wl,-z,now  conftest.c  >&5
/tmp/ccNnpyEo.o: In function `main':
/home/allardc/Documents/Aria/sources/libressl-2.9.0a/conftest.c:60: undefined reference to `freezero'
collect2: error: ld returned 1 exit status
configure:13056: $? = 1
configure: failed program was:
| /* confdefs.h */
| #define PACKAGE_NAME "libressl"
| #define PACKAGE_TARNAME "libressl"
| #define PACKAGE_VERSION "2.9.0"
| #define PACKAGE_STRING "libressl 2.9.0"
| #define PACKAGE_BUGREPORT ""
| #define PACKAGE_URL ""
| #define PACKAGE "libressl"
| #define VERSION "2.9.0"
| #define STDC_HEADERS 1
| #define HAVE_SYS_TYPES_H 1
| #define HAVE_SYS_STAT_H 1
| #define HAVE_STDLIB_H 1
| #define HAVE_STRING_H 1
| #define HAVE_MEMORY_H 1
| #define HAVE_STRINGS_H 1
| #define HAVE_INTTYPES_H 1
| #define HAVE_STDINT_H 1
| #define HAVE_UNISTD_H 1
| #define HAVE_DLFCN_H 1
| #define LT_OBJDIR ".libs/"
| #define HAVE_SYMLINK 1
| #define HAVE_ERR_H 1
| #define HAVE_ASPRINTF 1
| /* end confdefs.h.  */
| /* Define freezero to an innocuous variant, in case <limits.h> declares freezero.
|    For example, HP-UX 11i <limits.h> declares gettimeofday.  */
| #define freezero innocuous_freezero
| 
| /* System header to define __stub macros and hopefully few prototypes,
|     which can conflict with char freezero (); below.
|     Prefer <limits.h> to <assert.h> if __STDC__ is defined, since
|     <limits.h> exists even on freestanding compilers.  */
| 
| #ifdef __STDC__
| # include <limits.h>
| #else
| # include <assert.h>
| #endif
| 
| #undef freezero
| 
| /* Override any GCC internal prototype to avoid an error.
|    Use char because int might match the return type of a GCC
|    builtin and then its argument prototype would still apply.  */
| #ifdef __cplusplus
| extern "C"
| #endif
| char freezero ();
| /* The GNU C library defines this for functions which it implements
|     to always fail with ENOSYS.  Some functions are actually named
|     something starting with __ and the normal name is an alias.  */
| #if defined __stub_freezero || defined __stub___freezero
| choke me
| #endif
| 
| int
| main ()
| {
| return freezero ();
|   ;
|   return 0;
| }
configure:13056: result: no
configure:13056: checking for memmem
configure:13056: gcc -o conftest -g -O2 -Wall -std=gnu99 -fno-strict-aliasing  -fno-strict-overflow -D_FORTIFY_SOURCE=2 -fstack-protector-strong -DHAVE_GNU_STACK  -Wno-pointer-sign  -D_DEFAULT_SOURCE -D_BSD_SOURCE -D_POSIX_SOURCE -D_GNU_SOURCE   -Wl,-z,relro -Wl,-z,now  conftest.c  >&5
configure:13056: $? = 0
configure:13056: result: yes
configure:13068: checking for readpassphrase
configure:13068: gcc -o conftest -g -O2 -Wall -std=gnu99 -fno-strict-aliasing  -fno-strict-overflow -D_FORTIFY_SOURCE=2 -fstack-protector-strong -DHAVE_GNU_STACK  -Wno-pointer-sign  -D_DEFAULT_SOURCE -D_BSD_SOURCE -D_POSIX_SOURCE -D_GNU_SOURCE   -Wl,-z,relro -Wl,-z,now  conftest.c  >&5
/tmp/cchaiZnG.o: In function `main':
/home/allardc/Documents/Aria/sources/libressl-2.9.0a/conftest.c:61: undefined reference to `readpassphrase'
collect2: error: ld returned 1 exit status
configure:13068: $? = 1
configure: failed program was:
| /* confdefs.h */
| #define PACKAGE_NAME "libressl"
| #define PACKAGE_TARNAME "libressl"
| #define PACKAGE_VERSION "2.9.0"
| #define PACKAGE_STRING "libressl 2.9.0"
| #define PACKAGE_BUGREPORT ""
| #define PACKAGE_URL ""
| #define PACKAGE "libressl"
| #define VERSION "2.9.0"
| #define STDC_HEADERS 1
| #define HAVE_SYS_TYPES_H 1
| #define HAVE_SYS_STAT_H 1
| #define HAVE_STDLIB_H 1
| #define HAVE_STRING_H 1
| #define HAVE_MEMORY_H 1
| #define HAVE_STRINGS_H 1
| #define HAVE_INTTYPES_H 1
| #define HAVE_STDINT_H 1
| #define HAVE_UNISTD_H 1
| #define HAVE_DLFCN_H 1
| #define LT_OBJDIR ".libs/"
| #define HAVE_SYMLINK 1
| #define HAVE_ERR_H 1
| #define HAVE_ASPRINTF 1
| #define HAVE_MEMMEM 1
| /* end confdefs.h.  */
| /* Define readpassphrase to an innocuous variant, in case <limits.h> declares readpassphrase.
|    For example, HP-UX 11i <limits.h> declares gettimeofday.  */
| #define readpassphrase innocuous_readpassphrase
| 
| /* System header to define __stub macros and hopefully few prototypes,
|     which can conflict with char readpassphrase (); below.
|     Prefer <limits.h> to <assert.h> if __STDC__ is defined, since
|     <limits.h> exists even on freestanding compilers.  */
| 
| #ifdef __STDC__
| # include <limits.h>
| #else
| # include <assert.h>
| #endif
| 
| #undef readpassphrase
| 
| /* Override any GCC internal prototype to avoid an error.
|    Use char because int might match the return type of a GCC
|    builtin and then its argument prototype would still apply.  */
| #ifdef __cplusplus
| extern "C"
| #endif
| char readpassphrase ();
| /* The GNU C library defines this for functions which it implements
|     to always fail with ENOSYS.  Some functions are actually named
|     something starting with __ and the normal name is an alias.  */
| #if defined __stub_readpassphrase || defined __stub___readpassphrase
| choke me
| #endif
| 
| int
| main ()
| {
| return readpassphrase ();
|   ;
|   return 0;
| }
configure:13068: result: no
configure:13068: checking for reallocarray
configure:13068: gcc -o conftest -g -O2 -Wall -std=gnu99 -fno-strict-aliasing  -fno-strict-overflow -D_FORTIFY_SOURCE=2 -fstack-protector-strong -DHAVE_GNU_STACK  -Wno-pointer-sign  -D_DEFAULT_SOURCE -D_BSD_SOURCE -D_POSIX_SOURCE -D_GNU_SOURCE   -Wl,-z,relro -Wl,-z,now  conftest.c  >&5
configure:13068: $? = 0
configure:13068: result: yes
configure:13068: checking for recallocarray
configure:13068: gcc -o conftest -g -O2 -Wall -std=gnu99 -fno-strict-aliasing  -fno-strict-overflow -D_FORTIFY_SOURCE=2 -fstack-protector-strong -DHAVE_GNU_STACK  -Wno-pointer-sign  -D_DEFAULT_SOURCE -D_BSD_SOURCE -D_POSIX_SOURCE -D_GNU_SOURCE   -Wl,-z,relro -Wl,-z,now  conftest.c  >&5
/tmp/ccjRluU9.o: In function `main':
/home/allardc/Documents/Aria/sources/libressl-2.9.0a/conftest.c:62: undefined reference to `recallocarray'
collect2: error: ld returned 1 exit status
configure:13068: $? = 1
configure: failed program was:
| /* confdefs.h */
| #define PACKAGE_NAME "libressl"
| #define PACKAGE_TARNAME "libressl"
| #define PACKAGE_VERSION "2.9.0"
| #define PACKAGE_STRING "libressl 2.9.0"
| #define PACKAGE_BUGREPORT ""
| #define PACKAGE_URL ""
| #define PACKAGE "libressl"
| #define VERSION "2.9.0"
| #define STDC_HEADERS 1
| #define HAVE_SYS_TYPES_H 1
| #define HAVE_SYS_STAT_H 1
| #define HAVE_STDLIB_H 1
| #define HAVE_STRING_H 1
| #define HAVE_MEMORY_H 1
| #define HAVE_STRINGS_H 1
| #define HAVE_INTTYPES_H 1
| #define HAVE_STDINT_H 1
| #define HAVE_UNISTD_H 1
| #define HAVE_DLFCN_H 1
| #define LT_OBJDIR ".libs/"
| #define HAVE_SYMLINK 1
| #define HAVE_ERR_H 1
| #define HAVE_ASPRINTF 1
| #define HAVE_MEMMEM 1
| #define HAVE_REALLOCARRAY 1
| /* end confdefs.h.  */
| /* Define recallocarray to an innocuous variant, in case <limits.h> declares recallocarray.
|    For example, HP-UX 11i <limits.h> declares gettimeofday.  */
| #define recallocarray innocuous_recallocarray
| 
| /* System header to define __stub macros and hopefully few prototypes,
|     which can conflict with char recallocarray (); below.
|     Prefer <limits.h> to <assert.h> if __STDC__ is defined, since
|     <limits.h> exists even on freestanding compilers.  */
| 
| #ifdef __STDC__
| # include <limits.h>
| #else
| # include <assert.h>
| #endif
| 
| #undef recallocarray
| 
| /* Override any GCC internal prototype to avoid an error.
|    Use char because int might match the return type of a GCC
|    builtin and then its argument prototype would still apply.  */
| #ifdef __cplusplus
| extern "C"
| #endif
| char recallocarray ();
| /* The GNU C library defines this for functions which it implements
|     to always fail with ENOSYS.  Some functions are actually named
|     something starting with __ and the normal name is an alias.  */
| #if defined __stub_recallocarray || defined __stub___recallocarray
| choke me
| #endif
| 
| int
| main ()
| {
| return recallocarray ();
|   ;
|   return 0;
| }
configure:13068: result: no
configure:13080: checking for strlcat
configure:13080: gcc -o conftest -g -O2 -Wall -std=gnu99 -fno-strict-aliasing  -fno-strict-overflow -D_FORTIFY_SOURCE=2 -fstack-protector-strong -DHAVE_GNU_STACK  -Wno-pointer-sign  -D_DEFAULT_SOURCE -D_BSD_SOURCE -D_POSIX_SOURCE -D_GNU_SOURCE   -Wl,-z,relro -Wl,-z,now  conftest.c  >&5
/tmp/cc2ve4rn.o: In function `main':
/home/allardc/Documents/Aria/sources/libressl-2.9.0a/conftest.c:62: undefined reference to `strlcat'
collect2: error: ld returned 1 exit status
configure:13080: $? = 1
configure: failed program was:
| /* confdefs.h */
| #define PACKAGE_NAME "libressl"
| #define PACKAGE_TARNAME "libressl"
| #define PACKAGE_VERSION "2.9.0"
| #define PACKAGE_STRING "libressl 2.9.0"
| #define PACKAGE_BUGREPORT ""
| #define PACKAGE_URL ""
| #define PACKAGE "libressl"
| #define VERSION "2.9.0"
| #define STDC_HEADERS 1
| #define HAVE_SYS_TYPES_H 1
| #define HAVE_SYS_STAT_H 1
| #define HAVE_STDLIB_H 1
| #define HAVE_STRING_H 1
| #define HAVE_MEMORY_H 1
| #define HAVE_STRINGS_H 1
| #define HAVE_INTTYPES_H 1
| #define HAVE_STDINT_H 1
| #define HAVE_UNISTD_H 1
| #define HAVE_DLFCN_H 1
| #define LT_OBJDIR ".libs/"
| #define HAVE_SYMLINK 1
| #define HAVE_ERR_H 1
| #define HAVE_ASPRINTF 1
| #define HAVE_MEMMEM 1
| #define HAVE_REALLOCARRAY 1
| /* end confdefs.h.  */
| /* Define strlcat to an innocuous variant, in case <limits.h> declares strlcat.
|    For example, HP-UX 11i <limits.h> declares gettimeofday.  */
| #define strlcat innocuous_strlcat
| 
| /* System header to define __stub macros and hopefully few prototypes,
|     which can conflict with char strlcat (); below.
|     Prefer <limits.h> to <assert.h> if __STDC__ is defined, since
|     <limits.h> exists even on freestanding compilers.  */
| 
| #ifdef __STDC__
| # include <limits.h>
| #else
| # include <assert.h>
| #endif
| 
| #undef strlcat
| 
| /* Override any GCC internal prototype to avoid an error.
|    Use char because int might match the return type of a GCC
|    builtin and then its argument prototype would still apply.  */
| #ifdef __cplusplus
| extern "C"
| #endif
| char strlcat ();
| /* The GNU C library defines this for functions which it implements
|     to always fail with ENOSYS.  Some functions are actually named
|     something starting with __ and the normal name is an alias.  */
| #if defined __stub_strlcat || defined __stub___strlcat
| choke me
| #endif
| 
| int
| main ()
| {
| return strlcat ();
|   ;
|   return 0;
| }
configure:13080: result: no
configure:13080: checking for strlcpy
configure:13080: gcc -o conftest -g -O2 -Wall -std=gnu99 -fno-strict-aliasing  -fno-strict-overflow -D_FORTIFY_SOURCE=2 -fstack-protector-strong -DHAVE_GNU_STACK  -Wno-pointer-sign  -D_DEFAULT_SOURCE -D_BSD_SOURCE -D_POSIX_SOURCE -D_GNU_SOURCE   -Wl,-z,relro -Wl,-z,now  conftest.c  >&5
/tmp/ccUWj3eC.o: In function `main':
/home/allardc/Documents/Aria/sources/libressl-2.9.0a/conftest.c:62: undefined reference to `strlcpy'
collect2: error: ld returned 1 exit status
configure:13080: $? = 1
configure: failed program was:
| /* confdefs.h */
| #define PACKAGE_NAME "libressl"
| #define PACKAGE_TARNAME "libressl"
| #define PACKAGE_VERSION "2.9.0"
| #define PACKAGE_STRING "libressl 2.9.0"
| #define PACKAGE_BUGREPORT ""
| #define PACKAGE_URL ""
| #define PACKAGE "libressl"
| #define VERSION "2.9.0"
| #define STDC_HEADERS 1
| #define HAVE_SYS_TYPES_H 1
| #define HAVE_SYS_STAT_H 1
| #define HAVE_STDLIB_H 1
| #define HAVE_STRING_H 1
| #define HAVE_MEMORY_H 1
| #define HAVE_STRINGS_H 1
| #define HAVE_INTTYPES_H 1
| #define HAVE_STDINT_H 1
| #define HAVE_UNISTD_H 1
| #define HAVE_DLFCN_H 1
| #define LT_OBJDIR ".libs/"
| #define HAVE_SYMLINK 1
| #define HAVE_ERR_H 1
| #define HAVE_ASPRINTF 1
| #define HAVE_MEMMEM 1
| #define HAVE_REALLOCARRAY 1
| /* end confdefs.h.  */
| /* Define strlcpy to an innocuous variant, in case <limits.h> declares strlcpy.
|    For example, HP-UX 11i <limits.h> declares gettimeofday.  */
| #define strlcpy innocuous_strlcpy
| 
| /* System header to define __stub macros and hopefully few prototypes,
|     which can conflict with char strlcpy (); below.
|     Prefer <limits.h> to <assert.h> if __STDC__ is defined, since
|     <limits.h> exists even on freestanding compilers.  */
| 
| #ifdef __STDC__
| # include <limits.h>
| #else
| # include <assert.h>
| #endif
| 
| #undef strlcpy
| 
| /* Override any GCC internal prototype to avoid an error.
|    Use char because int might match the return type of a GCC
|    builtin and then its argument prototype would still apply.  */
| #ifdef __cplusplus
| extern "C"
| #endif
| char strlcpy ();
| /* The GNU C library defines this for functions which it implements
|     to always fail with ENOSYS.  Some functions are actually named
|     something starting with __ and the normal name is an alias.  */
| #if defined __stub_strlcpy || defined __stub___strlcpy
| choke me
| #endif
| 
| int
| main ()
| {
| return strlcpy ();
|   ;
|   return 0;
| }
configure:13080: result: no
configure:13080: checking for strndup
configure:13080: gcc -o conftest -g -O2 -Wall -std=gnu99 -fno-strict-aliasing  -fno-strict-overflow -D_FORTIFY_SOURCE=2 -fstack-protector-strong -DHAVE_GNU_STACK  -Wno-pointer-sign  -D_DEFAULT_SOURCE -D_BSD_SOURCE -D_POSIX_SOURCE -D_GNU_SOURCE   -Wl,-z,relro -Wl,-z,now  conftest.c  >&5
conftest.c:51:6: warning: conflicting types for built-in function 'strndup' [-Wbuiltin-declaration-mismatch]
 char strndup ();
      ^~~~~~~
configure:13080: $? = 0
configure:13080: result: yes
configure:13080: checking for strnlen
configure:13080: gcc -o conftest -g -O2 -Wall -std=gnu99 -fno-strict-aliasing  -fno-strict-overflow -D_FORTIFY_SOURCE=2 -fstack-protector-strong -DHAVE_GNU_STACK  -Wno-pointer-sign  -D_DEFAULT_SOURCE -D_BSD_SOURCE -D_POSIX_SOURCE -D_GNU_SOURCE   -Wl,-z,relro -Wl,-z,now  conftest.c  >&5
configure:13080: $? = 0
configure:13080: result: yes
configure:13080: checking for strsep
configure:13080: gcc -o conftest -g -O2 -Wall -std=gnu99 -fno-strict-aliasing  -fno-strict-overflow -D_FORTIFY_SOURCE=2 -fstack-protector-strong -DHAVE_GNU_STACK  -Wno-pointer-sign  -D_DEFAULT_SOURCE -D_BSD_SOURCE -D_POSIX_SOURCE -D_GNU_SOURCE   -Wl,-z,relro -Wl,-z,now  conftest.c  >&5
configure:13080: $? = 0
configure:13080: result: yes
configure:13080: checking for strtonum
configure:13080: gcc -o conftest -g -O2 -Wall -std=gnu99 -fno-strict-aliasing  -fno-strict-overflow -D_FORTIFY_SOURCE=2 -fstack-protector-strong -DHAVE_GNU_STACK  -Wno-pointer-sign  -D_DEFAULT_SOURCE -D_BSD_SOURCE -D_POSIX_SOURCE -D_GNU_SOURCE   -Wl,-z,relro -Wl,-z,now  conftest.c  >&5
/tmp/ccy6Hjen.o: In function `main':
/home/allardc/Documents/Aria/sources/libressl-2.9.0a/conftest.c:65: undefined reference to `strtonum'
collect2: error: ld returned 1 exit status
configure:13080: $? = 1
configure: failed program was:
| /* confdefs.h */
| #define PACKAGE_NAME "libressl"
| #define PACKAGE_TARNAME "libressl"
| #define PACKAGE_VERSION "2.9.0"
| #define PACKAGE_STRING "libressl 2.9.0"
| #define PACKAGE_BUGREPORT ""
| #define PACKAGE_URL ""
| #define PACKAGE "libressl"
| #define VERSION "2.9.0"
| #define STDC_HEADERS 1
| #define HAVE_SYS_TYPES_H 1
| #define HAVE_SYS_STAT_H 1
| #define HAVE_STDLIB_H 1
| #define HAVE_STRING_H 1
| #define HAVE_MEMORY_H 1
| #define HAVE_STRINGS_H 1
| #define HAVE_INTTYPES_H 1
| #define HAVE_STDINT_H 1
| #define HAVE_UNISTD_H 1
| #define HAVE_DLFCN_H 1
| #define LT_OBJDIR ".libs/"
| #define HAVE_SYMLINK 1
| #define HAVE_ERR_H 1
| #define HAVE_ASPRINTF 1
| #define HAVE_MEMMEM 1
| #define HAVE_REALLOCARRAY 1
| #define HAVE_STRNDUP 1
| #define HAVE_STRNLEN 1
| #define HAVE_STRSEP 1
| /* end confdefs.h.  */
| /* Define strtonum to an innocuous variant, in case <limits.h> declares strtonum.
|    For example, HP-UX 11i <limits.h> declares gettimeofday.  */
| #define strtonum innocuous_strtonum
| 
| /* System header to define __stub macros and hopefully few prototypes,
|     which can conflict with char strtonum (); below.
|     Prefer <limits.h> to <assert.h> if __STDC__ is defined, since
|     <limits.h> exists even on freestanding compilers.  */
| 
| #ifdef __STDC__
| # include <limits.h>
| #else
| # include <assert.h>
| #endif
| 
| #undef strtonum
| 
| /* Override any GCC internal prototype to avoid an error.
|    Use char because int might match the return type of a GCC
|    builtin and then its argument prototype would still apply.  */
| #ifdef __cplusplus
| extern "C"
| #endif
| char strtonum ();
| /* The GNU C library defines this for functions which it implements
|     to always fail with ENOSYS.  Some functions are actually named
|     something starting with __ and the normal name is an alias.  */
| #if defined __stub_strtonum || defined __stub___strtonum
| choke me
| #endif
| 
| int
| main ()
| {
| return strtonum ();
|   ;
|   return 0;
| }
configure:13080: result: no
configure:13092: checking for timegm
configure:13092: gcc -o conftest -g -O2 -Wall -std=gnu99 -fno-strict-aliasing  -fno-strict-overflow -D_FORTIFY_SOURCE=2 -fstack-protector-strong -DHAVE_GNU_STACK  -Wno-pointer-sign  -D_DEFAULT_SOURCE -D_BSD_SOURCE -D_POSIX_SOURCE -D_GNU_SOURCE   -Wl,-z,relro -Wl,-z,now  conftest.c  >&5
configure:13092: $? = 0
configure:13092: result: yes
configure:13092: checking for _mkgmtime
configure:13092: gcc -o conftest -g -O2 -Wall -std=gnu99 -fno-strict-aliasing  -fno-strict-overflow -D_FORTIFY_SOURCE=2 -fstack-protector-strong -DHAVE_GNU_STACK  -Wno-pointer-sign  -D_DEFAULT_SOURCE -D_BSD_SOURCE -D_POSIX_SOURCE -D_GNU_SOURCE   -Wl,-z,relro -Wl,-z,now  conftest.c  >&5
/tmp/cc3a1nSN.o: In function `main':
/home/allardc/Documents/Aria/sources/libressl-2.9.0a/conftest.c:66: undefined reference to `_mkgmtime'
collect2: error: ld returned 1 exit status
configure:13092: $? = 1
configure: failed program was:
| /* confdefs.h */
| #define PACKAGE_NAME "libressl"
| #define PACKAGE_TARNAME "libressl"
| #define PACKAGE_VERSION "2.9.0"
| #define PACKAGE_STRING "libressl 2.9.0"
| #define PACKAGE_BUGREPORT ""
| #define PACKAGE_URL ""
| #define PACKAGE "libressl"
| #define VERSION "2.9.0"
| #define STDC_HEADERS 1
| #define HAVE_SYS_TYPES_H 1
| #define HAVE_SYS_STAT_H 1
| #define HAVE_STDLIB_H 1
| #define HAVE_STRING_H 1
| #define HAVE_MEMORY_H 1
| #define HAVE_STRINGS_H 1
| #define HAVE_INTTYPES_H 1
| #define HAVE_STDINT_H 1
| #define HAVE_UNISTD_H 1
| #define HAVE_DLFCN_H 1
| #define LT_OBJDIR ".libs/"
| #define HAVE_SYMLINK 1
| #define HAVE_ERR_H 1
| #define HAVE_ASPRINTF 1
| #define HAVE_MEMMEM 1
| #define HAVE_REALLOCARRAY 1
| #define HAVE_STRNDUP 1
| #define HAVE_STRNLEN 1
| #define HAVE_STRSEP 1
| #define HAVE_TIMEGM 1
| /* end confdefs.h.  */
| /* Define _mkgmtime to an innocuous variant, in case <limits.h> declares _mkgmtime.
|    For example, HP-UX 11i <limits.h> declares gettimeofday.  */
| #define _mkgmtime innocuous__mkgmtime
| 
| /* System header to define __stub macros and hopefully few prototypes,
|     which can conflict with char _mkgmtime (); below.
|     Prefer <limits.h> to <assert.h> if __STDC__ is defined, since
|     <limits.h> exists even on freestanding compilers.  */
| 
| #ifdef __STDC__
| # include <limits.h>
| #else
| # include <assert.h>
| #endif
| 
| #undef _mkgmtime
| 
| /* Override any GCC internal prototype to avoid an error.
|    Use char because int might match the return type of a GCC
|    builtin and then its argument prototype would still apply.  */
| #ifdef __cplusplus
| extern "C"
| #endif
| char _mkgmtime ();
| /* The GNU C library defines this for functions which it implements
|     to always fail with ENOSYS.  Some functions are actually named
|     something starting with __ and the normal name is an alias.  */
| #if defined __stub__mkgmtime || defined __stub____mkgmtime
| choke me
| #endif
| 
| int
| main ()
| {
| return _mkgmtime ();
|   ;
|   return 0;
| }
configure:13092: result: no
configure:13101: checking for getpagesize
configure:13125: gcc -o conftest -g -O2 -Wall -std=gnu99 -fno-strict-aliasing  -fno-strict-overflow -D_FORTIFY_SOURCE=2 -fstack-protector-strong -DHAVE_GNU_STACK  -Wno-pointer-sign  -D_DEFAULT_SOURCE -D_BSD_SOURCE -D_POSIX_SOURCE -D_GNU_SOURCE   -Wl,-z,relro -Wl,-z,now  conftest.c  >&5
conftest.c: In function 'main':
conftest.c:42:2: warning: implicit declaration of function 'getpagesize' [-Wimplicit-function-declaration]
  getpagesize();
  ^~~~~~~~~~~
configure:13125: $? = 0
configure:13135: result: yes
configure:13254: checking for accept4
configure:13254: gcc -o conftest -g -O2 -Wall -std=gnu99 -fno-strict-aliasing  -fno-strict-overflow -D_FORTIFY_SOURCE=2 -fstack-protector-strong -DHAVE_GNU_STACK  -Wno-pointer-sign  -D_DEFAULT_SOURCE -D_BSD_SOURCE -D_POSIX_SOURCE -D_GNU_SOURCE   -Wl,-z,relro -Wl,-z,now  conftest.c  >&5
configure:13254: $? = 0
configure:13254: result: yes
configure:13254: checking for pipe2
configure:13254: gcc -o conftest -g -O2 -Wall -std=gnu99 -fno-strict-aliasing  -fno-strict-overflow -D_FORTIFY_SOURCE=2 -fstack-protector-strong -DHAVE_GNU_STACK  -Wno-pointer-sign  -D_DEFAULT_SOURCE -D_BSD_SOURCE -D_POSIX_SOURCE -D_GNU_SOURCE   -Wl,-z,relro -Wl,-z,now  conftest.c  >&5
configure:13254: $? = 0
configure:13254: result: yes
configure:13254: checking for pledge
configure:13254: gcc -o conftest -g -O2 -Wall -std=gnu99 -fno-strict-aliasing  -fno-strict-overflow -D_FORTIFY_SOURCE=2 -fstack-protector-strong -DHAVE_GNU_STACK  -Wno-pointer-sign  -D_DEFAULT_SOURCE -D_BSD_SOURCE -D_POSIX_SOURCE -D_GNU_SOURCE   -Wl,-z,relro -Wl,-z,now  conftest.c  >&5
/tmp/ccDSMrKs.o: In function `main':
/home/allardc/Documents/Aria/sources/libressl-2.9.0a/conftest.c:68: undefined reference to `pledge'
collect2: error: ld returned 1 exit status
configure:13254: $? = 1
configure: failed program was:
| /* confdefs.h */
| #define PACKAGE_NAME "libressl"
| #define PACKAGE_TARNAME "libressl"
| #define PACKAGE_VERSION "2.9.0"
| #define PACKAGE_STRING "libressl 2.9.0"
| #define PACKAGE_BUGREPORT ""
| #define PACKAGE_URL ""
| #define PACKAGE "libressl"
| #define VERSION "2.9.0"
| #define STDC_HEADERS 1
| #define HAVE_SYS_TYPES_H 1
| #define HAVE_SYS_STAT_H 1
| #define HAVE_STDLIB_H 1
| #define HAVE_STRING_H 1
| #define HAVE_MEMORY_H 1
| #define HAVE_STRINGS_H 1
| #define HAVE_INTTYPES_H 1
| #define HAVE_STDINT_H 1
| #define HAVE_UNISTD_H 1
| #define HAVE_DLFCN_H 1
| #define LT_OBJDIR ".libs/"
| #define HAVE_SYMLINK 1
| #define HAVE_ERR_H 1
| #define HAVE_ASPRINTF 1
| #define HAVE_MEMMEM 1
| #define HAVE_REALLOCARRAY 1
| #define HAVE_STRNDUP 1
| #define HAVE_STRNLEN 1
| #define HAVE_STRSEP 1
| #define HAVE_TIMEGM 1
| #define HAVE_ACCEPT4 1
| #define HAVE_PIPE2 1
| /* end confdefs.h.  */
| /* Define pledge to an innocuous variant, in case <limits.h> declares pledge.
|    For example, HP-UX 11i <limits.h> declares gettimeofday.  */
| #define pledge innocuous_pledge
| 
| /* System header to define __stub macros and hopefully few prototypes,
|     which can conflict with char pledge (); below.
|     Prefer <limits.h> to <assert.h> if __STDC__ is defined, since
|     <limits.h> exists even on freestanding compilers.  */
| 
| #ifdef __STDC__
| # include <limits.h>
| #else
| # include <assert.h>
| #endif
| 
| #undef pledge
| 
| /* Override any GCC internal prototype to avoid an error.
|    Use char because int might match the return type of a GCC
|    builtin and then its argument prototype would still apply.  */
| #ifdef __cplusplus
| extern "C"
| #endif
| char pledge ();
| /* The GNU C library defines this for functions which it implements
|     to always fail with ENOSYS.  Some functions are actually named
|     something starting with __ and the normal name is an alias.  */
| #if defined __stub_pledge || defined __stub___pledge
| choke me
| #endif
| 
| int
| main ()
| {
| return pledge ();
|   ;
|   return 0;
| }
configure:13254: result: no
configure:13254: checking for poll
configure:13254: gcc -o conftest -g -O2 -Wall -std=gnu99 -fno-strict-aliasing  -fno-strict-overflow -D_FORTIFY_SOURCE=2 -fstack-protector-strong -DHAVE_GNU_STACK  -Wno-pointer-sign  -D_DEFAULT_SOURCE -D_BSD_SOURCE -D_POSIX_SOURCE -D_GNU_SOURCE   -Wl,-z,relro -Wl,-z,now  conftest.c  >&5
configure:13254: $? = 0
configure:13254: result: yes
configure:13254: checking for socketpair
configure:13254: gcc -o conftest -g -O2 -Wall -std=gnu99 -fno-strict-aliasing  -fno-strict-overflow -D_FORTIFY_SOURCE=2 -fstack-protector-strong -DHAVE_GNU_STACK  -Wno-pointer-sign  -D_DEFAULT_SOURCE -D_BSD_SOURCE -D_POSIX_SOURCE -D_GNU_SOURCE   -Wl,-z,relro -Wl,-z,now  conftest.c  >&5
configure:13254: $? = 0
configure:13254: result: yes
configure:13309: checking for arc4random
configure:13309: gcc -o conftest -g -O2 -Wall -std=gnu99 -fno-strict-aliasing  -fno-strict-overflow -D_FORTIFY_SOURCE=2 -fstack-protector-strong -DHAVE_GNU_STACK  -Wno-pointer-sign  -D_DEFAULT_SOURCE -D_BSD_SOURCE -D_POSIX_SOURCE -D_GNU_SOURCE   -Wl,-z,relro -Wl,-z,now  conftest.c  >&5
/tmp/ccVAoYn4.o: In function `main':
/home/allardc/Documents/Aria/sources/libressl-2.9.0a/conftest.c:70: undefined reference to `arc4random'
collect2: error: ld returned 1 exit status
configure:13309: $? = 1
configure: failed program was:
| /* confdefs.h */
| #define PACKAGE_NAME "libressl"
| #define PACKAGE_TARNAME "libressl"
| #define PACKAGE_VERSION "2.9.0"
| #define PACKAGE_STRING "libressl 2.9.0"
| #define PACKAGE_BUGREPORT ""
| #define PACKAGE_URL ""
| #define PACKAGE "libressl"
| #define VERSION "2.9.0"
| #define STDC_HEADERS 1
| #define HAVE_SYS_TYPES_H 1
| #define HAVE_SYS_STAT_H 1
| #define HAVE_STDLIB_H 1
| #define HAVE_STRING_H 1
| #define HAVE_MEMORY_H 1
| #define HAVE_STRINGS_H 1
| #define HAVE_INTTYPES_H 1
| #define HAVE_STDINT_H 1
| #define HAVE_UNISTD_H 1
| #define HAVE_DLFCN_H 1
| #define LT_OBJDIR ".libs/"
| #define HAVE_SYMLINK 1
| #define HAVE_ERR_H 1
| #define HAVE_ASPRINTF 1
| #define HAVE_MEMMEM 1
| #define HAVE_REALLOCARRAY 1
| #define HAVE_STRNDUP 1
| #define HAVE_STRNLEN 1
| #define HAVE_STRSEP 1
| #define HAVE_TIMEGM 1
| #define HAVE_ACCEPT4 1
| #define HAVE_PIPE2 1
| #define HAVE_POLL 1
| #define HAVE_SOCKETPAIR 1
| /* end confdefs.h.  */
| /* Define arc4random to an innocuous variant, in case <limits.h> declares arc4random.
|    For example, HP-UX 11i <limits.h> declares gettimeofday.  */
| #define arc4random innocuous_arc4random
| 
| /* System header to define __stub macros and hopefully few prototypes,
|     which can conflict with char arc4random (); below.
|     Prefer <limits.h> to <assert.h> if __STDC__ is defined, since
|     <limits.h> exists even on freestanding compilers.  */
| 
| #ifdef __STDC__
| # include <limits.h>
| #else
| # include <assert.h>
| #endif
| 
| #undef arc4random
| 
| /* Override any GCC internal prototype to avoid an error.
|    Use char because int might match the return type of a GCC
|    builtin and then its argument prototype would still apply.  */
| #ifdef __cplusplus
| extern "C"
| #endif
| char arc4random ();
| /* The GNU C library defines this for functions which it implements
|     to always fail with ENOSYS.  Some functions are actually named
|     something starting with __ and the normal name is an alias.  */
| #if defined __stub_arc4random || defined __stub___arc4random
| choke me
| #endif
| 
| int
| main ()
| {
| return arc4random ();
|   ;
|   return 0;
| }
configure:13309: result: no
configure:13309: checking for arc4random_buf
configure:13309: gcc -o conftest -g -O2 -Wall -std=gnu99 -fno-strict-aliasing  -fno-strict-overflow -D_FORTIFY_SOURCE=2 -fstack-protector-strong -DHAVE_GNU_STACK  -Wno-pointer-sign  -D_DEFAULT_SOURCE -D_BSD_SOURCE -D_POSIX_SOURCE -D_GNU_SOURCE   -Wl,-z,relro -Wl,-z,now  conftest.c  >&5
/tmp/ccfYZuui.o: In function `main':
/home/allardc/Documents/Aria/sources/libressl-2.9.0a/conftest.c:70: undefined reference to `arc4random_buf'
collect2: error: ld returned 1 exit status
configure:13309: $? = 1
configure: failed program was:
| /* confdefs.h */
| #define PACKAGE_NAME "libressl"
| #define PACKAGE_TARNAME "libressl"
| #define PACKAGE_VERSION "2.9.0"
| #define PACKAGE_STRING "libressl 2.9.0"
| #define PACKAGE_BUGREPORT ""
| #define PACKAGE_URL ""
| #define PACKAGE "libressl"
| #define VERSION "2.9.0"
| #define STDC_HEADERS 1
| #define HAVE_SYS_TYPES_H 1
| #define HAVE_SYS_STAT_H 1
| #define HAVE_STDLIB_H 1
| #define HAVE_STRING_H 1
| #define HAVE_MEMORY_H 1
| #define HAVE_STRINGS_H 1
| #define HAVE_INTTYPES_H 1
| #define HAVE_STDINT_H 1
| #define HAVE_UNISTD_H 1
| #define HAVE_DLFCN_H 1
| #define LT_OBJDIR ".libs/"
| #define HAVE_SYMLINK 1
| #define HAVE_ERR_H 1
| #define HAVE_ASPRINTF 1
| #define HAVE_MEMMEM 1
| #define HAVE_REALLOCARRAY 1
| #define HAVE_STRNDUP 1
| #define HAVE_STRNLEN 1
| #define HAVE_STRSEP 1
| #define HAVE_TIMEGM 1
| #define HAVE_ACCEPT4 1
| #define HAVE_PIPE2 1
| #define HAVE_POLL 1
| #define HAVE_SOCKETPAIR 1
| /* end confdefs.h.  */
| /* Define arc4random_buf to an innocuous variant, in case <limits.h> declares arc4random_buf.
|    For example, HP-UX 11i <limits.h> declares gettimeofday.  */
| #define arc4random_buf innocuous_arc4random_buf
| 
| /* System header to define __stub macros and hopefully few prototypes,
|     which can conflict with char arc4random_buf (); below.
|     Prefer <limits.h> to <assert.h> if __STDC__ is defined, since
|     <limits.h> exists even on freestanding compilers.  */
| 
| #ifdef __STDC__
| # include <limits.h>
| #else
| # include <assert.h>
| #endif
| 
| #undef arc4random_buf
| 
| /* Override any GCC internal prototype to avoid an error.
|    Use char because int might match the return type of a GCC
|    builtin and then its argument prototype would still apply.  */
| #ifdef __cplusplus
| extern "C"
| #endif
| char arc4random_buf ();
| /* The GNU C library defines this for functions which it implements
|     to always fail with ENOSYS.  Some functions are actually named
|     something starting with __ and the normal name is an alias.  */
| #if defined __stub_arc4random_buf || defined __stub___arc4random_buf
| choke me
| #endif
| 
| int
| main ()
| {
| return arc4random_buf ();
|   ;
|   return 0;
| }
configure:13309: result: no
configure:13309: checking for arc4random_uniform
configure:13309: gcc -o conftest -g -O2 -Wall -std=gnu99 -fno-strict-aliasing  -fno-strict-overflow -D_FORTIFY_SOURCE=2 -fstack-protector-strong -DHAVE_GNU_STACK  -Wno-pointer-sign  -D_DEFAULT_SOURCE -D_BSD_SOURCE -D_POSIX_SOURCE -D_GNU_SOURCE   -Wl,-z,relro -Wl,-z,now  conftest.c  >&5
/tmp/cc0UR1Nv.o: In function `main':
/home/allardc/Documents/Aria/sources/libressl-2.9.0a/conftest.c:70: undefined reference to `arc4random_uniform'
collect2: error: ld returned 1 exit status
configure:13309: $? = 1
configure: failed program was:
| /* confdefs.h */
| #define PACKAGE_NAME "libressl"
| #define PACKAGE_TARNAME "libressl"
| #define PACKAGE_VERSION "2.9.0"
| #define PACKAGE_STRING "libressl 2.9.0"
| #define PACKAGE_BUGREPORT ""
| #define PACKAGE_URL ""
| #define PACKAGE "libressl"
| #define VERSION "2.9.0"
| #define STDC_HEADERS 1
| #define HAVE_SYS_TYPES_H 1
| #define HAVE_SYS_STAT_H 1
| #define HAVE_STDLIB_H 1
| #define HAVE_STRING_H 1
| #define HAVE_MEMORY_H 1
| #define HAVE_STRINGS_H 1
| #define HAVE_INTTYPES_H 1
| #define HAVE_STDINT_H 1
| #define HAVE_UNISTD_H 1
| #define HAVE_DLFCN_H 1
| #define LT_OBJDIR ".libs/"
| #define HAVE_SYMLINK 1
| #define HAVE_ERR_H 1
| #define HAVE_ASPRINTF 1
| #define HAVE_MEMMEM 1
| #define HAVE_REALLOCARRAY 1
| #define HAVE_STRNDUP 1
| #define HAVE_STRNLEN 1
| #define HAVE_STRSEP 1
| #define HAVE_TIMEGM 1
| #define HAVE_ACCEPT4 1
| #define HAVE_PIPE2 1
| #define HAVE_POLL 1
| #define HAVE_SOCKETPAIR 1
| /* end confdefs.h.  */
| /* Define arc4random_uniform to an innocuous variant, in case <limits.h> declares arc4random_uniform.
|    For example, HP-UX 11i <limits.h> declares gettimeofday.  */
| #define arc4random_uniform innocuous_arc4random_uniform
| 
| /* System header to define __stub macros and hopefully few prototypes,
|     which can conflict with char arc4random_uniform (); below.
|     Prefer <limits.h> to <assert.h> if __STDC__ is defined, since
|     <limits.h> exists even on freestanding compilers.  */
| 
| #ifdef __STDC__
| # include <limits.h>
| #else
| # include <assert.h>
| #endif
| 
| #undef arc4random_uniform
| 
| /* Override any GCC internal prototype to avoid an error.
|    Use char because int might match the return type of a GCC
|    builtin and then its argument prototype would still apply.  */
| #ifdef __cplusplus
| extern "C"
| #endif
| char arc4random_uniform ();
| /* The GNU C library defines this for functions which it implements
|     to always fail with ENOSYS.  Some functions are actually named
|     something starting with __ and the normal name is an alias.  */
| #if defined __stub_arc4random_uniform || defined __stub___arc4random_uniform
| choke me
| #endif
| 
| int
| main ()
| {
| return arc4random_uniform ();
|   ;
|   return 0;
| }
configure:13309: result: no
configure:13321: checking for explicit_bzero
configure:13321: gcc -o conftest -g -O2 -Wall -std=gnu99 -fno-strict-aliasing  -fno-strict-overflow -D_FORTIFY_SOURCE=2 -fstack-protector-strong -DHAVE_GNU_STACK  -Wno-pointer-sign  -D_DEFAULT_SOURCE -D_BSD_SOURCE -D_POSIX_SOURCE -D_GNU_SOURCE   -Wl,-z,relro -Wl,-z,now  conftest.c  >&5
configure:13321: $? = 0
configure:13321: result: yes
configure:13321: checking for getauxval
configure:13321: gcc -o conftest -g -O2 -Wall -std=gnu99 -fno-strict-aliasing  -fno-strict-overflow -D_FORTIFY_SOURCE=2 -fstack-protector-strong -DHAVE_GNU_STACK  -Wno-pointer-sign  -D_DEFAULT_SOURCE -D_BSD_SOURCE -D_POSIX_SOURCE -D_GNU_SOURCE   -Wl,-z,relro -Wl,-z,now  conftest.c  >&5
configure:13321: $? = 0
configure:13321: result: yes
configure:13331: checking for getentropy
configure:13385: gcc -o conftest -g -O2 -Wall -std=gnu99 -fno-strict-aliasing  -fno-strict-overflow -D_FORTIFY_SOURCE=2 -fstack-protector-strong -DHAVE_GNU_STACK  -Wno-pointer-sign  -D_DEFAULT_SOURCE -D_BSD_SOURCE -D_POSIX_SOURCE -D_GNU_SOURCE   -Wl,-z,relro -Wl,-z,now  conftest.c  >&5
conftest.c: In function 'main':
conftest.c:78:2: warning: ignoring return value of 'getentropy', declared with attribute warn_unused_result [-Wunused-result]
  (void)getentropy(&buffer, sizeof (buffer));
  ^~~~~~~~~~~~~~~~~~~~~~~~~~~~~~~~~~~~~~~~~~
configure:13385: $? = 0
configure:13395: result: yes
configure:13401: checking for timingsafe_bcmp
configure:13401: gcc -o conftest -g -O2 -Wall -std=gnu99 -fno-strict-aliasing  -fno-strict-overflow -D_FORTIFY_SOURCE=2 -fstack-protector-strong -DHAVE_GNU_STACK  -Wno-pointer-sign  -D_DEFAULT_SOURCE -D_BSD_SOURCE -D_POSIX_SOURCE -D_GNU_SOURCE   -Wl,-z,relro -Wl,-z,now  conftest.c  >&5
/tmp/ccSVUP3c.o: In function `main':
/home/allardc/Documents/Aria/sources/libressl-2.9.0a/conftest.c:72: undefined reference to `timingsafe_bcmp'
collect2: error: ld returned 1 exit status
configure:13401: $? = 1
configure: failed program was:
| /* confdefs.h */
| #define PACKAGE_NAME "libressl"
| #define PACKAGE_TARNAME "libressl"
| #define PACKAGE_VERSION "2.9.0"
| #define PACKAGE_STRING "libressl 2.9.0"
| #define PACKAGE_BUGREPORT ""
| #define PACKAGE_URL ""
| #define PACKAGE "libressl"
| #define VERSION "2.9.0"
| #define STDC_HEADERS 1
| #define HAVE_SYS_TYPES_H 1
| #define HAVE_SYS_STAT_H 1
| #define HAVE_STDLIB_H 1
| #define HAVE_STRING_H 1
| #define HAVE_MEMORY_H 1
| #define HAVE_STRINGS_H 1
| #define HAVE_INTTYPES_H 1
| #define HAVE_STDINT_H 1
| #define HAVE_UNISTD_H 1
| #define HAVE_DLFCN_H 1
| #define LT_OBJDIR ".libs/"
| #define HAVE_SYMLINK 1
| #define HAVE_ERR_H 1
| #define HAVE_ASPRINTF 1
| #define HAVE_MEMMEM 1
| #define HAVE_REALLOCARRAY 1
| #define HAVE_STRNDUP 1
| #define HAVE_STRNLEN 1
| #define HAVE_STRSEP 1
| #define HAVE_TIMEGM 1
| #define HAVE_ACCEPT4 1
| #define HAVE_PIPE2 1
| #define HAVE_POLL 1
| #define HAVE_SOCKETPAIR 1
| #define HAVE_EXPLICIT_BZERO 1
| #define HAVE_GETAUXVAL 1
| /* end confdefs.h.  */
| /* Define timingsafe_bcmp to an innocuous variant, in case <limits.h> declares timingsafe_bcmp.
|    For example, HP-UX 11i <limits.h> declares gettimeofday.  */
| #define timingsafe_bcmp innocuous_timingsafe_bcmp
| 
| /* System header to define __stub macros and hopefully few prototypes,
|     which can conflict with char timingsafe_bcmp (); below.
|     Prefer <limits.h> to <assert.h> if __STDC__ is defined, since
|     <limits.h> exists even on freestanding compilers.  */
| 
| #ifdef __STDC__
| # include <limits.h>
| #else
| # include <assert.h>
| #endif
| 
| #undef timingsafe_bcmp
| 
| /* Override any GCC internal prototype to avoid an error.
|    Use char because int might match the return type of a GCC
|    builtin and then its argument prototype would still apply.  */
| #ifdef __cplusplus
| extern "C"
| #endif
| char timingsafe_bcmp ();
| /* The GNU C library defines this for functions which it implements
|     to always fail with ENOSYS.  Some functions are actually named
|     something starting with __ and the normal name is an alias.  */
| #if defined __stub_timingsafe_bcmp || defined __stub___timingsafe_bcmp
| choke me
| #endif
| 
| int
| main ()
| {
| return timingsafe_bcmp ();
|   ;
|   return 0;
| }
configure:13401: result: no
configure:13401: checking for timingsafe_memcmp
configure:13401: gcc -o conftest -g -O2 -Wall -std=gnu99 -fno-strict-aliasing  -fno-strict-overflow -D_FORTIFY_SOURCE=2 -fstack-protector-strong -DHAVE_GNU_STACK  -Wno-pointer-sign  -D_DEFAULT_SOURCE -D_BSD_SOURCE -D_POSIX_SOURCE -D_GNU_SOURCE   -Wl,-z,relro -Wl,-z,now  conftest.c  >&5
/tmp/cc9mdr0q.o: In function `main':
/home/allardc/Documents/Aria/sources/libressl-2.9.0a/conftest.c:72: undefined reference to `timingsafe_memcmp'
collect2: error: ld returned 1 exit status
configure:13401: $? = 1
configure: failed program was:
| /* confdefs.h */
| #define PACKAGE_NAME "libressl"
| #define PACKAGE_TARNAME "libressl"
| #define PACKAGE_VERSION "2.9.0"
| #define PACKAGE_STRING "libressl 2.9.0"
| #define PACKAGE_BUGREPORT ""
| #define PACKAGE_URL ""
| #define PACKAGE "libressl"
| #define VERSION "2.9.0"
| #define STDC_HEADERS 1
| #define HAVE_SYS_TYPES_H 1
| #define HAVE_SYS_STAT_H 1
| #define HAVE_STDLIB_H 1
| #define HAVE_STRING_H 1
| #define HAVE_MEMORY_H 1
| #define HAVE_STRINGS_H 1
| #define HAVE_INTTYPES_H 1
| #define HAVE_STDINT_H 1
| #define HAVE_UNISTD_H 1
| #define HAVE_DLFCN_H 1
| #define LT_OBJDIR ".libs/"
| #define HAVE_SYMLINK 1
| #define HAVE_ERR_H 1
| #define HAVE_ASPRINTF 1
| #define HAVE_MEMMEM 1
| #define HAVE_REALLOCARRAY 1
| #define HAVE_STRNDUP 1
| #define HAVE_STRNLEN 1
| #define HAVE_STRSEP 1
| #define HAVE_TIMEGM 1
| #define HAVE_ACCEPT4 1
| #define HAVE_PIPE2 1
| #define HAVE_POLL 1
| #define HAVE_SOCKETPAIR 1
| #define HAVE_EXPLICIT_BZERO 1
| #define HAVE_GETAUXVAL 1
| /* end confdefs.h.  */
| /* Define timingsafe_memcmp to an innocuous variant, in case <limits.h> declares timingsafe_memcmp.
|    For example, HP-UX 11i <limits.h> declares gettimeofday.  */
| #define timingsafe_memcmp innocuous_timingsafe_memcmp
| 
| /* System header to define __stub macros and hopefully few prototypes,
|     which can conflict with char timingsafe_memcmp (); below.
|     Prefer <limits.h> to <assert.h> if __STDC__ is defined, since
|     <limits.h> exists even on freestanding compilers.  */
| 
| #ifdef __STDC__
| # include <limits.h>
| #else
| # include <assert.h>
| #endif
| 
| #undef timingsafe_memcmp
| 
| /* Override any GCC internal prototype to avoid an error.
|    Use char because int might match the return type of a GCC
|    builtin and then its argument prototype would still apply.  */
| #ifdef __cplusplus
| extern "C"
| #endif
| char timingsafe_memcmp ();
| /* The GNU C library defines this for functions which it implements
|     to always fail with ENOSYS.  Some functions are actually named
|     something starting with __ and the normal name is an alias.  */
| #if defined __stub_timingsafe_memcmp || defined __stub___timingsafe_memcmp
| choke me
| #endif
| 
| int
| main ()
| {
| return timingsafe_memcmp ();
|   ;
|   return 0;
| }
configure:13401: result: no
configure:13481: checking for getauxval
configure:13481: result: yes
configure:13490: checking for library containing dl_iterate_phdr
configure:13521: gcc -o conftest -g -O2 -Wall -std=gnu99 -fno-strict-aliasing  -fno-strict-overflow -D_FORTIFY_SOURCE=2 -fstack-protector-strong -DHAVE_GNU_STACK  -Wno-pointer-sign  -D_DEFAULT_SOURCE -D_BSD_SOURCE -D_POSIX_SOURCE -D_GNU_SOURCE   -Wl,-z,relro -Wl,-z,now  conftest.c  >&5
configure:13521: $? = 0
configure:13538: result: none required
configure:13548: checking for dl_iterate_phdr
configure:13548: gcc -o conftest -g -O2 -Wall -std=gnu99 -fno-strict-aliasing  -fno-strict-overflow -D_FORTIFY_SOURCE=2 -fstack-protector-strong -DHAVE_GNU_STACK  -Wno-pointer-sign  -D_DEFAULT_SOURCE -D_BSD_SOURCE -D_POSIX_SOURCE -D_GNU_SOURCE   -Wl,-z,relro -Wl,-z,now  conftest.c  >&5
configure:13548: $? = 0
configure:13548: result: yes
configure:13558: checking for library containing clock_gettime
configure:13589: gcc -o conftest -g -O2 -Wall -std=gnu99 -fno-strict-aliasing  -fno-strict-overflow -D_FORTIFY_SOURCE=2 -fstack-protector-strong -DHAVE_GNU_STACK  -Wno-pointer-sign  -D_DEFAULT_SOURCE -D_BSD_SOURCE -D_POSIX_SOURCE -D_GNU_SOURCE   -Wl,-z,relro -Wl,-z,now  conftest.c  >&5
configure:13589: $? = 0
configure:13606: result: none required
configure:13616: checking for clock_gettime
configure:13616: gcc -o conftest -g -O2 -Wall -std=gnu99 -fno-strict-aliasing  -fno-strict-overflow -D_FORTIFY_SOURCE=2 -fstack-protector-strong -DHAVE_GNU_STACK  -Wno-pointer-sign  -D_DEFAULT_SOURCE -D_BSD_SOURCE -D_POSIX_SOURCE -D_GNU_SOURCE   -Wl,-z,relro -Wl,-z,now  conftest.c  >&5
configure:13616: $? = 0
configure:13616: result: yes
configure:13635: checking whether va_copy exists
configure:13655: gcc -o conftest -g -O2 -Wall -std=gnu99 -fno-strict-aliasing  -fno-strict-overflow -D_FORTIFY_SOURCE=2 -fstack-protector-strong -DHAVE_GNU_STACK  -Wno-pointer-sign  -D_DEFAULT_SOURCE -D_BSD_SOURCE -D_POSIX_SOURCE -D_GNU_SOURCE   -Wl,-z,relro -Wl,-z,now  conftest.c  >&5
configure:13655: $? = 0
configure:13665: result: yes
configure:13673: checking whether __va_copy exists
configure:13693: gcc -o conftest -g -O2 -Wall -std=gnu99 -fno-strict-aliasing  -fno-strict-overflow -D_FORTIFY_SOURCE=2 -fstack-protector-strong -DHAVE_GNU_STACK  -Wno-pointer-sign  -D_DEFAULT_SOURCE -D_BSD_SOURCE -D_POSIX_SOURCE -D_GNU_SOURCE   -Wl,-z,relro -Wl,-z,now  conftest.c  >&5
configure:13693: $? = 0
configure:13703: result: yes
configure:13712: checking for library containing b64_ntop
configure:13743: gcc -o conftest -g -O2 -Wall -std=gnu99 -fno-strict-aliasing  -fno-strict-overflow -D_FORTIFY_SOURCE=2 -fstack-protector-strong -DHAVE_GNU_STACK  -Wno-pointer-sign  -D_DEFAULT_SOURCE -D_BSD_SOURCE -D_POSIX_SOURCE -D_GNU_SOURCE   -Wl,-z,relro -Wl,-z,now  conftest.c  >&5
/tmp/ccphdcTD.o: In function `main':
/home/allardc/Documents/Aria/sources/libressl-2.9.0a/conftest.c:54: undefined reference to `b64_ntop'
collect2: error: ld returned 1 exit status
configure:13743: $? = 1
configure: failed program was:
| /* confdefs.h */
| #define PACKAGE_NAME "libressl"
| #define PACKAGE_TARNAME "libressl"
| #define PACKAGE_VERSION "2.9.0"
| #define PACKAGE_STRING "libressl 2.9.0"
| #define PACKAGE_BUGREPORT ""
| #define PACKAGE_URL ""
| #define PACKAGE "libressl"
| #define VERSION "2.9.0"
| #define STDC_HEADERS 1
| #define HAVE_SYS_TYPES_H 1
| #define HAVE_SYS_STAT_H 1
| #define HAVE_STDLIB_H 1
| #define HAVE_STRING_H 1
| #define HAVE_MEMORY_H 1
| #define HAVE_STRINGS_H 1
| #define HAVE_INTTYPES_H 1
| #define HAVE_STDINT_H 1
| #define HAVE_UNISTD_H 1
| #define HAVE_DLFCN_H 1
| #define LT_OBJDIR ".libs/"
| #define HAVE_SYMLINK 1
| #define HAVE_ERR_H 1
| #define HAVE_ASPRINTF 1
| #define HAVE_MEMMEM 1
| #define HAVE_REALLOCARRAY 1
| #define HAVE_STRNDUP 1
| #define HAVE_STRNLEN 1
| #define HAVE_STRSEP 1
| #define HAVE_TIMEGM 1
| #define HAVE_ACCEPT4 1
| #define HAVE_PIPE2 1
| #define HAVE_POLL 1
| #define HAVE_SOCKETPAIR 1
| #define HAVE_EXPLICIT_BZERO 1
| #define HAVE_GETAUXVAL 1
| #define HAVE_GETAUXVAL 1
| #define HAVE_DL_ITERATE_PHDR 1
| #define HAVE_CLOCK_GETTIME 1
| #define HAVE_VA_COPY 1
| #define HAVE___VA_COPY 1
| /* end confdefs.h.  */
| 
| /* Override any GCC internal prototype to avoid an error.
|    Use char because int might match the return type of a GCC
|    builtin and then its argument prototype would still apply.  */
| #ifdef __cplusplus
| extern "C"
| #endif
| char b64_ntop ();
| int
| main ()
| {
| return b64_ntop ();
|   ;
|   return 0;
| }
configure:13743: gcc -o conftest -g -O2 -Wall -std=gnu99 -fno-strict-aliasing  -fno-strict-overflow -D_FORTIFY_SOURCE=2 -fstack-protector-strong -DHAVE_GNU_STACK  -Wno-pointer-sign  -D_DEFAULT_SOURCE -D_BSD_SOURCE -D_POSIX_SOURCE -D_GNU_SOURCE   -Wl,-z,relro -Wl,-z,now  conftest.c -lresolv   >&5
/tmp/cc2mliqS.o: In function `main':
/home/allardc/Documents/Aria/sources/libressl-2.9.0a/conftest.c:54: undefined reference to `b64_ntop'
collect2: error: ld returned 1 exit status
configure:13743: $? = 1
configure: failed program was:
| /* confdefs.h */
| #define PACKAGE_NAME "libressl"
| #define PACKAGE_TARNAME "libressl"
| #define PACKAGE_VERSION "2.9.0"
| #define PACKAGE_STRING "libressl 2.9.0"
| #define PACKAGE_BUGREPORT ""
| #define PACKAGE_URL ""
| #define PACKAGE "libressl"
| #define VERSION "2.9.0"
| #define STDC_HEADERS 1
| #define HAVE_SYS_TYPES_H 1
| #define HAVE_SYS_STAT_H 1
| #define HAVE_STDLIB_H 1
| #define HAVE_STRING_H 1
| #define HAVE_MEMORY_H 1
| #define HAVE_STRINGS_H 1
| #define HAVE_INTTYPES_H 1
| #define HAVE_STDINT_H 1
| #define HAVE_UNISTD_H 1
| #define HAVE_DLFCN_H 1
| #define LT_OBJDIR ".libs/"
| #define HAVE_SYMLINK 1
| #define HAVE_ERR_H 1
| #define HAVE_ASPRINTF 1
| #define HAVE_MEMMEM 1
| #define HAVE_REALLOCARRAY 1
| #define HAVE_STRNDUP 1
| #define HAVE_STRNLEN 1
| #define HAVE_STRSEP 1
| #define HAVE_TIMEGM 1
| #define HAVE_ACCEPT4 1
| #define HAVE_PIPE2 1
| #define HAVE_POLL 1
| #define HAVE_SOCKETPAIR 1
| #define HAVE_EXPLICIT_BZERO 1
| #define HAVE_GETAUXVAL 1
| #define HAVE_GETAUXVAL 1
| #define HAVE_DL_ITERATE_PHDR 1
| #define HAVE_CLOCK_GETTIME 1
| #define HAVE_VA_COPY 1
| #define HAVE___VA_COPY 1
| /* end confdefs.h.  */
| 
| /* Override any GCC internal prototype to avoid an error.
|    Use char because int might match the return type of a GCC
|    builtin and then its argument prototype would still apply.  */
| #ifdef __cplusplus
| extern "C"
| #endif
| char b64_ntop ();
| int
| main ()
| {
| return b64_ntop ();
|   ;
|   return 0;
| }
configure:13760: result: no
configure:13768: checking for library containing __b64_ntop
configure:13799: gcc -o conftest -g -O2 -Wall -std=gnu99 -fno-strict-aliasing  -fno-strict-overflow -D_FORTIFY_SOURCE=2 -fstack-protector-strong -DHAVE_GNU_STACK  -Wno-pointer-sign  -D_DEFAULT_SOURCE -D_BSD_SOURCE -D_POSIX_SOURCE -D_GNU_SOURCE   -Wl,-z,relro -Wl,-z,now  conftest.c  >&5
/tmp/ccbuYVF8.o: In function `main':
/home/allardc/Documents/Aria/sources/libressl-2.9.0a/conftest.c:54: undefined reference to `__b64_ntop'
collect2: error: ld returned 1 exit status
configure:13799: $? = 1
configure: failed program was:
| /* confdefs.h */
| #define PACKAGE_NAME "libressl"
| #define PACKAGE_TARNAME "libressl"
| #define PACKAGE_VERSION "2.9.0"
| #define PACKAGE_STRING "libressl 2.9.0"
| #define PACKAGE_BUGREPORT ""
| #define PACKAGE_URL ""
| #define PACKAGE "libressl"
| #define VERSION "2.9.0"
| #define STDC_HEADERS 1
| #define HAVE_SYS_TYPES_H 1
| #define HAVE_SYS_STAT_H 1
| #define HAVE_STDLIB_H 1
| #define HAVE_STRING_H 1
| #define HAVE_MEMORY_H 1
| #define HAVE_STRINGS_H 1
| #define HAVE_INTTYPES_H 1
| #define HAVE_STDINT_H 1
| #define HAVE_UNISTD_H 1
| #define HAVE_DLFCN_H 1
| #define LT_OBJDIR ".libs/"
| #define HAVE_SYMLINK 1
| #define HAVE_ERR_H 1
| #define HAVE_ASPRINTF 1
| #define HAVE_MEMMEM 1
| #define HAVE_REALLOCARRAY 1
| #define HAVE_STRNDUP 1
| #define HAVE_STRNLEN 1
| #define HAVE_STRSEP 1
| #define HAVE_TIMEGM 1
| #define HAVE_ACCEPT4 1
| #define HAVE_PIPE2 1
| #define HAVE_POLL 1
| #define HAVE_SOCKETPAIR 1
| #define HAVE_EXPLICIT_BZERO 1
| #define HAVE_GETAUXVAL 1
| #define HAVE_GETAUXVAL 1
| #define HAVE_DL_ITERATE_PHDR 1
| #define HAVE_CLOCK_GETTIME 1
| #define HAVE_VA_COPY 1
| #define HAVE___VA_COPY 1
| /* end confdefs.h.  */
| 
| /* Override any GCC internal prototype to avoid an error.
|    Use char because int might match the return type of a GCC
|    builtin and then its argument prototype would still apply.  */
| #ifdef __cplusplus
| extern "C"
| #endif
| char __b64_ntop ();
| int
| main ()
| {
| return __b64_ntop ();
|   ;
|   return 0;
| }
configure:13799: gcc -o conftest -g -O2 -Wall -std=gnu99 -fno-strict-aliasing  -fno-strict-overflow -D_FORTIFY_SOURCE=2 -fstack-protector-strong -DHAVE_GNU_STACK  -Wno-pointer-sign  -D_DEFAULT_SOURCE -D_BSD_SOURCE -D_POSIX_SOURCE -D_GNU_SOURCE   -Wl,-z,relro -Wl,-z,now  conftest.c -lresolv   >&5
configure:13799: $? = 0
configure:13816: result: -lresolv
configure:13824: checking for b64_ntop
configure:13847: gcc -o conftest -g -O2 -Wall -std=gnu99 -fno-strict-aliasing  -fno-strict-overflow -D_FORTIFY_SOURCE=2 -fstack-protector-strong -DHAVE_GNU_STACK  -Wno-pointer-sign  -D_DEFAULT_SOURCE -D_BSD_SOURCE -D_POSIX_SOURCE -D_GNU_SOURCE   -Wl,-z,relro -Wl,-z,now  conftest.c -lresolv  >&5
configure:13847: $? = 0
configure:13857: result: yes
configure:13903: checking if BSWAP4 builds without __STRICT_ALIGNMENT
configure:13916: gcc -c -g -O2 -Wall -std=gnu99 -fno-strict-aliasing  -fno-strict-overflow -D_FORTIFY_SOURCE=2 -fstack-protector-strong -DHAVE_GNU_STACK  -Wno-pointer-sign -I./include  -D_DEFAULT_SOURCE -D_BSD_SOURCE -D_POSIX_SOURCE -D_GNU_SOURCE conftest.c >&5
In file included from conftest.c:43:0:
./crypto/modes/modes_lcl.h:9:10: fatal error: machine/endian.h: No such file or directory
 #include <machine/endian.h>
          ^~~~~~~~~~~~~~~~~~
compilation terminated.
configure:13916: $? = 1
configure: failed program was:
| /* confdefs.h */
| #define PACKAGE_NAME "libressl"
| #define PACKAGE_TARNAME "libressl"
| #define PACKAGE_VERSION "2.9.0"
| #define PACKAGE_STRING "libressl 2.9.0"
| #define PACKAGE_BUGREPORT ""
| #define PACKAGE_URL ""
| #define PACKAGE "libressl"
| #define VERSION "2.9.0"
| #define STDC_HEADERS 1
| #define HAVE_SYS_TYPES_H 1
| #define HAVE_SYS_STAT_H 1
| #define HAVE_STDLIB_H 1
| #define HAVE_STRING_H 1
| #define HAVE_MEMORY_H 1
| #define HAVE_STRINGS_H 1
| #define HAVE_INTTYPES_H 1
| #define HAVE_STDINT_H 1
| #define HAVE_UNISTD_H 1
| #define HAVE_DLFCN_H 1
| #define LT_OBJDIR ".libs/"
| #define HAVE_SYMLINK 1
| #define HAVE_ERR_H 1
| #define HAVE_ASPRINTF 1
| #define HAVE_MEMMEM 1
| #define HAVE_REALLOCARRAY 1
| #define HAVE_STRNDUP 1
| #define HAVE_STRNLEN 1
| #define HAVE_STRSEP 1
| #define HAVE_TIMEGM 1
| #define HAVE_ACCEPT4 1
| #define HAVE_PIPE2 1
| #define HAVE_POLL 1
| #define HAVE_SOCKETPAIR 1
| #define HAVE_EXPLICIT_BZERO 1
| #define HAVE_GETAUXVAL 1
| #define HAVE_GETAUXVAL 1
| #define HAVE_DL_ITERATE_PHDR 1
| #define HAVE_CLOCK_GETTIME 1
| #define HAVE_VA_COPY 1
| #define HAVE___VA_COPY 1
| /* end confdefs.h.  */
| #include "./crypto/modes/modes_lcl.h"
| int
| main ()
| {
| int a = 0; BSWAP4(a);
|   ;
|   return 0;
| }
configure:13921: result: no
configure:13957: checking if .gnu.warning accepts long strings
configure:13967: gcc -o conftest -g -O2 -Wall -std=gnu99 -fno-strict-aliasing  -fno-strict-overflow -D_FORTIFY_SOURCE=2 -fstack-protector-strong -DHAVE_GNU_STACK  -Wno-pointer-sign  -D_DEFAULT_SOURCE -D_BSD_SOURCE -D_POSIX_SOURCE -D_GNU_SOURCE -D__STRICT_ALIGNMENT   -Wl,-z,relro -Wl,-z,now  conftest.c -lresolv  >&5
configure:13967: $? = 0
configure:13972: result: yes
configure:14029: checking size of time_t
configure:14034: gcc -o conftest -g -O2 -Wall -std=gnu99 -fno-strict-aliasing  -fno-strict-overflow -D_FORTIFY_SOURCE=2 -fstack-protector-strong -DHAVE_GNU_STACK  -Wno-pointer-sign  -D_DEFAULT_SOURCE -D_BSD_SOURCE -D_POSIX_SOURCE -D_GNU_SOURCE -D__STRICT_ALIGNMENT   -Wl,-z,relro -Wl,-z,now  conftest.c -lresolv  >&5
configure:14034: $? = 0
configure:14034: ./conftest
configure:14034: $? = 0
configure:14048: result: 8
configure:14230: checking that generated files are newer than configure
configure:14236: result: done
configure:14463: creating ./config.status

## ---------------------- ##
## Running config.status. ##
## ---------------------- ##

This file was extended by libressl config.status 2.9.0, which was
generated by GNU Autoconf 2.69.  Invocation command line was

  CONFIG_FILES    = 
  CONFIG_HEADERS  = 
  CONFIG_LINKS    = 
  CONFIG_COMMANDS = 
  $ ./config.status 

on allardc-VirtualBox

config.status:1130: creating Makefile
config.status:1130: creating include/Makefile
config.status:1130: creating include/openssl/Makefile
config.status:1130: creating crypto/Makefile
config.status:1130: creating ssl/Makefile
config.status:1130: creating tls/Makefile
config.status:1130: creating tests/Makefile
config.status:1130: creating apps/Makefile
config.status:1130: creating apps/ocspcheck/Makefile
config.status:1130: creating apps/openssl/Makefile
config.status:1130: creating apps/nc/Makefile
config.status:1130: creating man/Makefile
config.status:1130: creating libcrypto.pc
config.status:1130: creating libssl.pc
config.status:1130: creating libtls.pc
config.status:1130: creating openssl.pc
config.status:1302: executing depfiles commands
config.status:1302: executing libtool commands

## ---------------- ##
## Cache variables. ##
## ---------------- ##

ac_cv_build=x86_64-pc-linux-gnu
ac_cv_c_compiler_gnu=yes
ac_cv_env_CCASFLAGS_set=
ac_cv_env_CCASFLAGS_value=
ac_cv_env_CCAS_set=
ac_cv_env_CCAS_value=
ac_cv_env_CC_set=
ac_cv_env_CC_value=
ac_cv_env_CFLAGS_set=
ac_cv_env_CFLAGS_value=
ac_cv_env_CPPFLAGS_set=
ac_cv_env_CPPFLAGS_value=
ac_cv_env_CPP_set=
ac_cv_env_CPP_value=
ac_cv_env_LDFLAGS_set=
ac_cv_env_LDFLAGS_value=
ac_cv_env_LIBS_set=
ac_cv_env_LIBS_value=
ac_cv_env_build_alias_set=
ac_cv_env_build_alias_value=
ac_cv_env_host_alias_set=
ac_cv_env_host_alias_value=
ac_cv_env_target_alias_set=
ac_cv_env_target_alias_value=
ac_cv_func__mkgmtime=no
ac_cv_func_accept4=yes
ac_cv_func_arc4random=no
ac_cv_func_arc4random_buf=no
ac_cv_func_arc4random_uniform=no
ac_cv_func_asprintf=yes
ac_cv_func_clock_gettime=yes
ac_cv_func_dl_iterate_phdr=yes
ac_cv_func_explicit_bzero=yes
ac_cv_func_freezero=no
ac_cv_func_funopen=no
ac_cv_func_getauxval=yes
ac_cv_func_getentropy=yes
ac_cv_func_getpagesize=yes
ac_cv_func_memmem=yes
ac_cv_func_pipe2=yes
ac_cv_func_pledge=no
ac_cv_func_poll=yes
ac_cv_func_readpassphrase=no
ac_cv_func_reallocarray=yes
ac_cv_func_recallocarray=no
ac_cv_func_socketpair=yes
ac_cv_func_strlcat=no
ac_cv_func_strlcpy=no
ac_cv_func_strndup=yes
ac_cv_func_strnlen=yes
ac_cv_func_strsep=yes
ac_cv_func_strtonum=no
ac_cv_func_symlink=yes
ac_cv_func_timegm=yes
ac_cv_func_timingsafe_bcmp=no
ac_cv_func_timingsafe_memcmp=no
ac_cv_have___va_copy=yes
ac_cv_have_b64_ntop_arg=yes
ac_cv_have_va_copy=yes
ac_cv_header_dlfcn_h=yes
ac_cv_header_err_h=yes
ac_cv_header_inttypes_h=yes
ac_cv_header_memory_h=yes
ac_cv_header_readpassphrase_h=no
ac_cv_header_stdc=yes
ac_cv_header_stdint_h=yes
ac_cv_header_stdlib_h=yes
ac_cv_header_string_h=yes
ac_cv_header_strings_h=yes
ac_cv_header_sys_stat_h=yes
ac_cv_header_sys_types_h=yes
ac_cv_header_unistd_h=yes
ac_cv_host=x86_64-pc-linux-gnu
ac_cv_objext=o
ac_cv_path_EGREP='/bin/grep -E'
ac_cv_path_FGREP='/bin/grep -F'
ac_cv_path_GREP=/bin/grep
ac_cv_path_SED=/bin/sed
ac_cv_path_install='/usr/bin/install -c'
ac_cv_path_mkdir=/bin/mkdir
ac_cv_prog_AWK=mawk
ac_cv_prog_CPP='gcc -E'
ac_cv_prog_ac_ct_AR=ar
ac_cv_prog_ac_ct_CC=gcc
ac_cv_prog_ac_ct_MANIFEST_TOOL=mt
ac_cv_prog_ac_ct_OBJDUMP=objdump
ac_cv_prog_ac_ct_RANLIB=ranlib
ac_cv_prog_ac_ct_STRIP=strip
ac_cv_prog_cc_c89=
ac_cv_prog_cc_c99=
ac_cv_prog_cc_g=yes
ac_cv_prog_cc_stdc=
ac_cv_prog_make_make_set=yes
ac_cv_search___b64_ntop=-lresolv
ac_cv_search_b64_ntop=no
ac_cv_search_clock_gettime='none required'
ac_cv_search_dl_iterate_phdr='none required'
ac_cv_sizeof_time_t=8
am_cv_CCAS_dependencies_compiler_type=gcc3
am_cv_CC_dependencies_compiler_type=gcc3
am_cv_make_support_nested_variables=yes
am_cv_prog_cc_c_o=yes
lt_cv_ar_at_file=@
lt_cv_archive_cmds_need_lc=no
lt_cv_deplibs_check_method=pass_all
lt_cv_file_magic_cmd='$MAGIC_CMD'
lt_cv_file_magic_test_file=
lt_cv_ld_reload_flag=-r
lt_cv_nm_interface='BSD nm'
lt_cv_objdir=.libs
lt_cv_path_LD=/usr/bin/ld
lt_cv_path_NM='/usr/bin/nm -B'
lt_cv_path_mainfest_tool=no
lt_cv_prog_compiler_c_o=yes
lt_cv_prog_compiler_pic='-fPIC -DPIC'
lt_cv_prog_compiler_pic_works=yes
lt_cv_prog_compiler_rtti_exceptions=no
lt_cv_prog_compiler_static_works=yes
lt_cv_prog_gnu_ld=yes
lt_cv_sharedlib_from_linklib_cmd='printf %s\n'
lt_cv_shlibpath_overrides_runpath=yes
lt_cv_sys_global_symbol_pipe='sed -n -e '\''s/^.*[	 ]\([ABCDGIRSTW][ABCDGIRSTW]*\)[	 ][	 ]*\([_A-Za-z][_A-Za-z0-9]*\)$/\1 \2 \2/p'\'' | sed '\''/ __gnu_lto/d'\'''
lt_cv_sys_global_symbol_to_c_name_address='sed -n -e '\''s/^: \([^ ]*\)[ ]*$/  {\"\1\", (void *) 0},/p'\'' -e '\''s/^[ABCDGIRSTW]* \([^ ]*\) \([^ ]*\)$/  {"\2", (void *) \&\2},/p'\'''
lt_cv_sys_global_symbol_to_c_name_address_lib_prefix='sed -n -e '\''s/^: \([^ ]*\)[ ]*$/  {\"\1\", (void *) 0},/p'\'' -e '\''s/^[ABCDGIRSTW]* \([^ ]*\) \(lib[^ ]*\)$/  {"\2", (void *) \&\2},/p'\'' -e '\''s/^[ABCDGIRSTW]* \([^ ]*\) \([^ ]*\)$/  {"lib\2", (void *) \&\2},/p'\'''
lt_cv_sys_global_symbol_to_cdecl='sed -n -e '\''s/^T .* \(.*\)$/extern int \1();/p'\'' -e '\''s/^[ABCDGIRSTW]* .* \(.*\)$/extern char \1;/p'\'''
lt_cv_sys_max_cmd_len=1572864
lt_cv_to_host_file_cmd=func_convert_file_noop
lt_cv_to_tool_file_cmd=func_convert_file_noop

## ----------------- ##
## Output variables. ##
## ----------------- ##

ACLOCAL='${SHELL} /home/allardc/Documents/Aria/sources/libressl-2.9.0a/missing aclocal-1.15'
AMDEPBACKSLASH='\'
AMDEP_FALSE='#'
AMDEP_TRUE=''
AMTAR='$${TAR-tar}'
AM_BACKSLASH='\'
AM_DEFAULT_V='$(AM_DEFAULT_VERBOSITY)'
AM_DEFAULT_VERBOSITY='0'
AM_V='$(V)'
AR='ar'
AUTOCONF='${SHELL} /home/allardc/Documents/Aria/sources/libressl-2.9.0a/missing autoconf'
AUTOHEADER='${SHELL} /home/allardc/Documents/Aria/sources/libressl-2.9.0a/missing autoheader'
AUTOMAKE='${SHELL} /home/allardc/Documents/Aria/sources/libressl-2.9.0a/missing automake-1.15'
AWK='mawk'
BUILD_CERTHASH_FALSE='#'
BUILD_CERTHASH_TRUE=''
BUILD_NC_FALSE='#'
BUILD_NC_TRUE=''
CC='gcc'
CCAS='gcc'
CCASDEPMODE='depmode=gcc3'
CCASFLAGS='-g -O2 -Wall -std=gnu99 -fno-strict-aliasing  -fno-strict-overflow -D_FORTIFY_SOURCE=2 -fstack-protector-strong -DHAVE_GNU_STACK'
CCDEPMODE='depmode=gcc3'
CFLAGS='-g -O2 -Wall -std=gnu99 -fno-strict-aliasing  -fno-strict-overflow -D_FORTIFY_SOURCE=2 -fstack-protector-strong -DHAVE_GNU_STACK  -Wno-pointer-sign'
CPP='gcc -E'
CPPFLAGS=' -D_DEFAULT_SOURCE -D_BSD_SOURCE -D_POSIX_SOURCE -D_GNU_SOURCE -D__STRICT_ALIGNMENT'
CYGPATH_W='echo'
DEFS='-DPACKAGE_NAME=\"libressl\" -DPACKAGE_TARNAME=\"libressl\" -DPACKAGE_VERSION=\"2.9.0\" -DPACKAGE_STRING=\"libressl\ 2.9.0\" -DPACKAGE_BUGREPORT=\"\" -DPACKAGE_URL=\"\" -DPACKAGE=\"libressl\" -DVERSION=\"2.9.0\" -DSTDC_HEADERS=1 -DHAVE_SYS_TYPES_H=1 -DHAVE_SYS_STAT_H=1 -DHAVE_STDLIB_H=1 -DHAVE_STRING_H=1 -DHAVE_MEMORY_H=1 -DHAVE_STRINGS_H=1 -DHAVE_INTTYPES_H=1 -DHAVE_STDINT_H=1 -DHAVE_UNISTD_H=1 -DHAVE_DLFCN_H=1 -DLT_OBJDIR=\".libs/\" -DHAVE_SYMLINK=1 -DHAVE_ERR_H=1 -DHAVE_ASPRINTF=1 -DHAVE_MEMMEM=1 -DHAVE_REALLOCARRAY=1 -DHAVE_STRNDUP=1 -DHAVE_STRNLEN=1 -DHAVE_STRSEP=1 -DHAVE_TIMEGM=1 -DHAVE_ACCEPT4=1 -DHAVE_PIPE2=1 -DHAVE_POLL=1 -DHAVE_SOCKETPAIR=1 -DHAVE_EXPLICIT_BZERO=1 -DHAVE_GETAUXVAL=1 -DHAVE_GETAUXVAL=1 -DHAVE_DL_ITERATE_PHDR=1 -DHAVE_CLOCK_GETTIME=1 -DHAVE_VA_COPY=1 -DHAVE___VA_COPY=1 -DHAS_GNU_WARNING_LONG=1 -DSIZEOF_TIME_T=8'
DEPDIR='.deps'
DLLTOOL='false'
DSYMUTIL=''
DUMPBIN=''
ECHO_C=''
ECHO_N='-n'
ECHO_T=''
EGREP='/bin/grep -E'
ENABLE_EXTRATESTS_FALSE=''
ENABLE_EXTRATESTS_TRUE='#'
ENABLE_NC_FALSE=''
ENABLE_NC_TRUE='#'
EXEEXT=''
FGREP='/bin/grep -F'
GREP='/bin/grep'
HAVE_ACCEPT4_FALSE='#'
HAVE_ACCEPT4_TRUE=''
HAVE_ARC4RANDOM_BUF_FALSE=''
HAVE_ARC4RANDOM_BUF_TRUE='#'
HAVE_ARC4RANDOM_FALSE=''
HAVE_ARC4RANDOM_TRUE='#'
HAVE_ARC4RANDOM_UNIFORM_FALSE=''
HAVE_ARC4RANDOM_UNIFORM_TRUE='#'
HAVE_ASPRINTF_FALSE='#'
HAVE_ASPRINTF_TRUE=''
HAVE_B64_NTOP_FALSE=''
HAVE_B64_NTOP_TRUE='#'
HAVE_CLOCK_GETTIME_FALSE='#'
HAVE_CLOCK_GETTIME_TRUE=''
HAVE_EXPLICIT_BZERO_FALSE='#'
HAVE_EXPLICIT_BZERO_TRUE=''
HAVE_FREEZERO_FALSE=''
HAVE_FREEZERO_TRUE='#'
HAVE_GETENTROPY_FALSE='#'
HAVE_GETENTROPY_TRUE=''
HAVE_GETPAGESIZE_FALSE='#'
HAVE_GETPAGESIZE_TRUE=''
HAVE_MEMMEM_FALSE='#'
HAVE_MEMMEM_TRUE=''
HAVE_PIPE2_FALSE='#'
HAVE_PIPE2_TRUE=''
HAVE_PLEDGE_FALSE=''
HAVE_PLEDGE_TRUE='#'
HAVE_POLL_FALSE='#'
HAVE_POLL_TRUE=''
HAVE_READPASSPHRASE_FALSE=''
HAVE_READPASSPHRASE_TRUE='#'
HAVE_REALLOCARRAY_FALSE='#'
HAVE_REALLOCARRAY_TRUE=''
HAVE_RECALLOCARRAY_FALSE=''
HAVE_RECALLOCARRAY_TRUE='#'
HAVE_SOCKETPAIR_FALSE='#'
HAVE_SOCKETPAIR_TRUE=''
HAVE_STRLCAT_FALSE=''
HAVE_STRLCAT_TRUE='#'
HAVE_STRLCPY_FALSE=''
HAVE_STRLCPY_TRUE='#'
HAVE_STRNDUP_FALSE='#'
HAVE_STRNDUP_TRUE=''
HAVE_STRNLEN_FALSE='#'
HAVE_STRNLEN_TRUE=''
HAVE_STRSEP_FALSE='#'
HAVE_STRSEP_TRUE=''
HAVE_STRTONUM_FALSE=''
HAVE_STRTONUM_TRUE='#'
HAVE_TIMEGM_FALSE='#'
HAVE_TIMEGM_TRUE=''
HAVE_TIMINGSAFE_BCMP_FALSE=''
HAVE_TIMINGSAFE_BCMP_TRUE='#'
HAVE_TIMINGSAFE_MEMCMP_FALSE=''
HAVE_TIMINGSAFE_MEMCMP_TRUE='#'
HOST_AIX_FALSE=''
HOST_AIX_TRUE='#'
HOST_ASM_ELF_ARM_FALSE=''
HOST_ASM_ELF_ARM_TRUE='#'
HOST_ASM_ELF_X86_64_FALSE='#'
HOST_ASM_ELF_X86_64_TRUE=''
HOST_ASM_MACOSX_X86_64_FALSE=''
HOST_ASM_MACOSX_X86_64_TRUE='#'
HOST_CPU_IS_INTEL_FALSE='#'
HOST_CPU_IS_INTEL_TRUE=''
HOST_CYGWIN_FALSE=''
HOST_CYGWIN_TRUE='#'
HOST_DARWIN_FALSE=''
HOST_DARWIN_TRUE='#'
HOST_FREEBSD_FALSE=''
HOST_FREEBSD_TRUE='#'
HOST_HPUX_FALSE=''
HOST_HPUX_TRUE='#'
HOST_LINUX_FALSE='#'
HOST_LINUX_TRUE=''
HOST_NETBSD_FALSE=''
HOST_NETBSD_TRUE='#'
HOST_OPENBSD_FALSE=''
HOST_OPENBSD_TRUE='#'
HOST_SOLARIS_FALSE=''
HOST_SOLARIS_TRUE='#'
HOST_WIN_FALSE=''
HOST_WIN_TRUE='#'
INSTALL_DATA='${INSTALL} -m 644'
INSTALL_PROGRAM='${INSTALL}'
INSTALL_SCRIPT='${INSTALL}'
INSTALL_STRIP_PROGRAM='$(install_sh) -c -s'
LD='/usr/bin/ld -m elf_x86_64'
LDFLAGS='  -Wl,-z,relro -Wl,-z,now '
LIBCRYPTO_VERSION='45:1:0'
LIBOBJS=''
LIBS='-lresolv '
LIBSSL_VERSION='47:1:0'
LIBTLS_VERSION='19:2:0'
LIBTOOL='$(SHELL) $(top_builddir)/libtool'
LIPO=''
LN_S='ln -s'
LTLIBOBJS=''
MAKEINFO='${SHELL} /home/allardc/Documents/Aria/sources/libressl-2.9.0a/missing makeinfo'
MANIFEST_TOOL=':'
MKDIR_P='/bin/mkdir -p'
NM='/usr/bin/nm -B'
NMEDIT=''
OBJDUMP='objdump'
OBJEXT='o'
OPENSSLDIR=''
OPENSSLDIR_DEFINED_FALSE=''
OPENSSLDIR_DEFINED_TRUE='#'
OPENSSL_NO_ASM_FALSE=''
OPENSSL_NO_ASM_TRUE='#'
OTOOL64=''
OTOOL=''
PACKAGE='libressl'
PACKAGE_BUGREPORT=''
PACKAGE_NAME='libressl'
PACKAGE_STRING='libressl 2.9.0'
PACKAGE_TARNAME='libressl'
PACKAGE_URL=''
PACKAGE_VERSION='2.9.0'
PATH_SEPARATOR=':'
PLATFORM_LDADD='-lpthread'
PROG_LDADD=''
RANLIB='ranlib'
SED='/bin/sed'
SET_MAKE=''
SHELL='/bin/bash'
SMALL_TIME_T_FALSE=''
SMALL_TIME_T_TRUE='#'
STRIP='strip'
VERSION='2.9.0'
ac_ct_AR='ar'
ac_ct_CC='gcc'
ac_ct_DUMPBIN=''
am__EXEEXT_FALSE=''
am__EXEEXT_TRUE='#'
am__fastdepCCAS_FALSE='#'
am__fastdepCCAS_TRUE=''
am__fastdepCC_FALSE='#'
am__fastdepCC_TRUE=''
am__include='include'
am__isrc=''
am__leading_dot='.'
am__nodep='_no'
am__quote=''
am__tar='$${TAR-tar} chof - "$$tardir"'
am__untar='$${TAR-tar} xf -'
bindir='${exec_prefix}/bin'
build='x86_64-pc-linux-gnu'
build_alias=''
build_cpu='x86_64'
build_os='linux-gnu'
build_vendor='pc'
datadir='${datarootdir}'
datarootdir='${prefix}/share'
docdir='${datarootdir}/doc/${PACKAGE_TARNAME}'
dvidir='${docdir}'
exec_prefix='${prefix}'
host='x86_64-pc-linux-gnu'
host_alias=''
host_cpu='x86_64'
host_os='linux-gnu'
host_vendor='pc'
htmldir='${docdir}'
includedir='${prefix}/include'
infodir='${datarootdir}/info'
install_sh='${SHELL} /home/allardc/Documents/Aria/sources/libressl-2.9.0a/install-sh'
libdir='${exec_prefix}/lib'
libexecdir='${exec_prefix}/libexec'
localedir='${datarootdir}/locale'
localstatedir='${prefix}/var'
mandir='${datarootdir}/man'
mkdir_p='$(MKDIR_P)'
oldincludedir='/usr/include'
pdfdir='${docdir}'
prefix='/usr/local'
program_transform_name='s,x,x,'
psdir='${docdir}'
runstatedir='${localstatedir}/run'
sbindir='${exec_prefix}/sbin'
sharedstatedir='${prefix}/com'
sysconfdir='${prefix}/etc'
target_alias=''

## ----------- ##
## confdefs.h. ##
## ----------- ##

/* confdefs.h */
#define PACKAGE_NAME "libressl"
#define PACKAGE_TARNAME "libressl"
#define PACKAGE_VERSION "2.9.0"
#define PACKAGE_STRING "libressl 2.9.0"
#define PACKAGE_BUGREPORT ""
#define PACKAGE_URL ""
#define PACKAGE "libressl"
#define VERSION "2.9.0"
#define STDC_HEADERS 1
#define HAVE_SYS_TYPES_H 1
#define HAVE_SYS_STAT_H 1
#define HAVE_STDLIB_H 1
#define HAVE_STRING_H 1
#define HAVE_MEMORY_H 1
#define HAVE_STRINGS_H 1
#define HAVE_INTTYPES_H 1
#define HAVE_STDINT_H 1
#define HAVE_UNISTD_H 1
#define HAVE_DLFCN_H 1
#define LT_OBJDIR ".libs/"
#define HAVE_SYMLINK 1
#define HAVE_ERR_H 1
#define HAVE_ASPRINTF 1
#define HAVE_MEMMEM 1
#define HAVE_REALLOCARRAY 1
#define HAVE_STRNDUP 1
#define HAVE_STRNLEN 1
#define HAVE_STRSEP 1
#define HAVE_TIMEGM 1
#define HAVE_ACCEPT4 1
#define HAVE_PIPE2 1
#define HAVE_POLL 1
#define HAVE_SOCKETPAIR 1
#define HAVE_EXPLICIT_BZERO 1
#define HAVE_GETAUXVAL 1
#define HAVE_GETAUXVAL 1
#define HAVE_DL_ITERATE_PHDR 1
#define HAVE_CLOCK_GETTIME 1
#define HAVE_VA_COPY 1
#define HAVE___VA_COPY 1
#define HAS_GNU_WARNING_LONG 1
#define SIZEOF_TIME_T 8

configure: exit 0
